{"/Users/jschimmoeller/projects/star2star-js-ms-sdk/src/index.js":{"path":"/Users/jschimmoeller/projects/star2star-js-ms-sdk/src/index.js","statementMap":{"0":{"start":{"line":3,"column":17},"end":{"line":3,"column":38}},"1":{"start":{"line":4,"column":15},"end":{"line":4,"column":34}},"2":{"start":{"line":5,"column":17},"end":{"line":5,"column":38}},"3":{"start":{"line":6,"column":18},"end":{"line":6,"column":40}},"4":{"start":{"line":7,"column":16},"end":{"line":7,"column":36}},"5":{"start":{"line":8,"column":13},"end":{"line":8,"column":35}},"6":{"start":{"line":9,"column":15},"end":{"line":9,"column":34}},"7":{"start":{"line":10,"column":18},"end":{"line":10,"column":40}},"8":{"start":{"line":11,"column":13},"end":{"line":11,"column":30}},"9":{"start":{"line":12,"column":13},"end":{"line":12,"column":30}},"10":{"start":{"line":13,"column":17},"end":{"line":13,"column":38}},"11":{"start":{"line":14,"column":14},"end":{"line":14,"column":32}},"12":{"start":{"line":15,"column":14},"end":{"line":15,"column":32}},"13":{"start":{"line":16,"column":18},"end":{"line":16,"column":40}},"14":{"start":{"line":17,"column":15},"end":{"line":17,"column":34}},"15":{"start":{"line":18,"column":17},"end":{"line":18,"column":38}},"16":{"start":{"line":19,"column":14},"end":{"line":19,"column":32}},"17":{"start":{"line":20,"column":23},"end":{"line":20,"column":50}},"18":{"start":{"line":21,"column":18},"end":{"line":21,"column":40}},"19":{"start":{"line":22,"column":17},"end":{"line":22,"column":38}},"20":{"start":{"line":23,"column":15},"end":{"line":23,"column":34}},"21":{"start":{"line":24,"column":14},"end":{"line":24,"column":32}},"22":{"start":{"line":25,"column":21},"end":{"line":25,"column":46}},"23":{"start":{"line":26,"column":17},"end":{"line":26,"column":38}},"24":{"start":{"line":27,"column":18},"end":{"line":27,"column":40}},"25":{"start":{"line":28,"column":14},"end":{"line":28,"column":32}},"26":{"start":{"line":29,"column":16},"end":{"line":29,"column":36}},"27":{"start":{"line":30,"column":18},"end":{"line":30,"column":40}},"28":{"start":{"line":37,"column":18},"end":{"line":39,"column":1}},"29":{"start":{"line":38,"column":2},"end":{"line":38,"column":40}},"30":{"start":{"line":46,"column":22},"end":{"line":48,"column":1}},"31":{"start":{"line":47,"column":2},"end":{"line":47,"column":44}},"32":{"start":{"line":55,"column":21},"end":{"line":57,"column":1}},"33":{"start":{"line":56,"column":2},"end":{"line":56,"column":45}},"34":{"start":{"line":64,"column":18},"end":{"line":66,"column":1}},"35":{"start":{"line":65,"column":2},"end":{"line":65,"column":38}},"36":{"start":{"line":68,"column":0},"end":{"line":101,"column":2}}},"fnMap":{"0":{"name":"(anonymous_0)","decl":{"start":{"line":37,"column":18},"end":{"line":37,"column":19}},"loc":{"start":{"line":37,"column":66},"end":{"line":39,"column":1}},"line":37},"1":{"name":"(anonymous_1)","decl":{"start":{"line":46,"column":22},"end":{"line":46,"column":23}},"loc":{"start":{"line":46,"column":67},"end":{"line":48,"column":1}},"line":46},"2":{"name":"(anonymous_2)","decl":{"start":{"line":55,"column":21},"end":{"line":55,"column":22}},"loc":{"start":{"line":55,"column":41},"end":{"line":57,"column":1}},"line":55},"3":{"name":"(anonymous_3)","decl":{"start":{"line":64,"column":18},"end":{"line":64,"column":19}},"loc":{"start":{"line":64,"column":24},"end":{"line":66,"column":1}},"line":64}},"branchMap":{"0":{"loc":{"start":{"line":37,"column":19},"end":{"line":37,"column":61}},"type":"default-arg","locations":[{"start":{"line":37,"column":28},"end":{"line":37,"column":61}}],"line":37},"1":{"loc":{"start":{"line":46,"column":23},"end":{"line":46,"column":62}},"type":"default-arg","locations":[{"start":{"line":46,"column":34},"end":{"line":46,"column":62}}],"line":46},"2":{"loc":{"start":{"line":55,"column":22},"end":{"line":55,"column":36}},"type":"default-arg","locations":[{"start":{"line":55,"column":32},"end":{"line":55,"column":36}}],"line":55}},"s":{"0":1,"1":1,"2":1,"3":1,"4":1,"5":1,"6":1,"7":1,"8":1,"9":1,"10":1,"11":1,"12":1,"13":1,"14":1,"15":1,"16":1,"17":1,"18":1,"19":1,"20":1,"21":1,"22":1,"23":1,"24":1,"25":1,"26":1,"27":1,"28":1,"29":1,"30":1,"31":1,"32":1,"33":1,"34":1,"35":0,"36":1},"f":{"0":1,"1":1,"2":1,"3":0},"b":{"0":[0],"1":[0],"2":[0]},"_coverageSchema":"1a1c01bbd47fc00a2c39e90264f33305004495a9","hash":"f01f1cf1a24a3b820592a3c23b9f1f3d01507039","contentHash":"29b05f9e9c9b7118c8633dc8c93cce86aad68152645d3dc4cd99df7f15da7e2e"},"/Users/jschimmoeller/projects/star2star-js-ms-sdk/src/accounts.js":{"path":"/Users/jschimmoeller/projects/star2star-js-ms-sdk/src/accounts.js","statementMap":{"0":{"start":{"line":3,"column":13},"end":{"line":3,"column":35}},"1":{"start":{"line":4,"column":16},"end":{"line":4,"column":43}},"2":{"start":{"line":14,"column":27},"end":{"line":39,"column":1}},"3":{"start":{"line":19,"column":2},"end":{"line":38,"column":3}},"4":{"start":{"line":20,"column":15},"end":{"line":20,"column":43}},"5":{"start":{"line":21,"column":27},"end":{"line":32,"column":5}},"6":{"start":{"line":33,"column":4},"end":{"line":33,"column":48}},"7":{"start":{"line":34,"column":21},"end":{"line":34,"column":50}},"8":{"start":{"line":35,"column":4},"end":{"line":35,"column":20}},"9":{"start":{"line":37,"column":4},"end":{"line":37,"column":34}},"10":{"start":{"line":51,"column":21},"end":{"line":86,"column":1}},"11":{"start":{"line":58,"column":2},"end":{"line":85,"column":3}},"12":{"start":{"line":59,"column":15},"end":{"line":59,"column":43}},"13":{"start":{"line":60,"column":27},"end":{"line":73,"column":5}},"14":{"start":{"line":74,"column":4},"end":{"line":74,"column":48}},"15":{"start":{"line":75,"column":4},"end":{"line":79,"column":5}},"16":{"start":{"line":76,"column":6},"end":{"line":78,"column":9}},"17":{"start":{"line":77,"column":8},"end":{"line":77,"column":52}},"18":{"start":{"line":81,"column":21},"end":{"line":81,"column":50}},"19":{"start":{"line":82,"column":4},"end":{"line":82,"column":20}},"20":{"start":{"line":84,"column":4},"end":{"line":84,"column":34}},"21":{"start":{"line":96,"column":22},"end":{"line":134,"column":1}},"22":{"start":{"line":101,"column":2},"end":{"line":133,"column":3}},"23":{"start":{"line":102,"column":15},"end":{"line":102,"column":43}},"24":{"start":{"line":103,"column":27},"end":{"line":114,"column":5}},"25":{"start":{"line":115,"column":4},"end":{"line":115,"column":48}},"26":{"start":{"line":116,"column":21},"end":{"line":116,"column":50}},"27":{"start":{"line":117,"column":23},"end":{"line":117,"column":36}},"28":{"start":{"line":119,"column":4},"end":{"line":129,"column":5}},"29":{"start":{"line":123,"column":6},"end":{"line":128,"column":8}},"30":{"start":{"line":130,"column":4},"end":{"line":130,"column":22}},"31":{"start":{"line":132,"column":4},"end":{"line":132,"column":34}},"32":{"start":{"line":145,"column":19},"end":{"line":171,"column":1}},"33":{"start":{"line":150,"column":2},"end":{"line":170,"column":3}},"34":{"start":{"line":151,"column":15},"end":{"line":151,"column":43}},"35":{"start":{"line":152,"column":27},"end":{"line":164,"column":5}},"36":{"start":{"line":165,"column":4},"end":{"line":165,"column":48}},"37":{"start":{"line":166,"column":21},"end":{"line":166,"column":50}},"38":{"start":{"line":167,"column":4},"end":{"line":167,"column":20}},"39":{"start":{"line":169,"column":4},"end":{"line":169,"column":34}},"40":{"start":{"line":182,"column":22},"end":{"line":223,"column":1}},"41":{"start":{"line":188,"column":2},"end":{"line":222,"column":3}},"42":{"start":{"line":189,"column":15},"end":{"line":189,"column":43}},"43":{"start":{"line":190,"column":27},"end":{"line":201,"column":5}},"44":{"start":{"line":202,"column":4},"end":{"line":202,"column":48}},"45":{"start":{"line":203,"column":21},"end":{"line":203,"column":50}},"46":{"start":{"line":204,"column":28},"end":{"line":204,"column":41}},"47":{"start":{"line":207,"column":4},"end":{"line":218,"column":5}},"48":{"start":{"line":212,"column":6},"end":{"line":217,"column":8}},"49":{"start":{"line":219,"column":4},"end":{"line":219,"column":27}},"50":{"start":{"line":221,"column":4},"end":{"line":221,"column":34}},"51":{"start":{"line":236,"column":33},"end":{"line":270,"column":1}},"52":{"start":{"line":244,"column":2},"end":{"line":269,"column":3}},"53":{"start":{"line":245,"column":15},"end":{"line":245,"column":43}},"54":{"start":{"line":246,"column":27},"end":{"line":260,"column":5}},"55":{"start":{"line":261,"column":4},"end":{"line":261,"column":48}},"56":{"start":{"line":262,"column":4},"end":{"line":264,"column":5}},"57":{"start":{"line":263,"column":6},"end":{"line":263,"column":51}},"58":{"start":{"line":265,"column":21},"end":{"line":265,"column":50}},"59":{"start":{"line":266,"column":4},"end":{"line":266,"column":20}},"60":{"start":{"line":268,"column":4},"end":{"line":268,"column":34}},"61":{"start":{"line":280,"column":25},"end":{"line":317,"column":1}},"62":{"start":{"line":285,"column":2},"end":{"line":316,"column":3}},"63":{"start":{"line":286,"column":15},"end":{"line":286,"column":43}},"64":{"start":{"line":287,"column":27},"end":{"line":297,"column":5}},"65":{"start":{"line":298,"column":4},"end":{"line":298,"column":48}},"66":{"start":{"line":299,"column":21},"end":{"line":299,"column":50}},"67":{"start":{"line":300,"column":4},"end":{"line":314,"column":5}},"68":{"start":{"line":301,"column":6},"end":{"line":301,"column":30}},"69":{"start":{"line":304,"column":6},"end":{"line":313,"column":8}},"70":{"start":{"line":315,"column":4},"end":{"line":315,"column":34}},"71":{"start":{"line":327,"column":23},"end":{"line":365,"column":1}},"72":{"start":{"line":332,"column":2},"end":{"line":364,"column":3}},"73":{"start":{"line":333,"column":15},"end":{"line":333,"column":43}},"74":{"start":{"line":334,"column":27},"end":{"line":344,"column":5}},"75":{"start":{"line":345,"column":4},"end":{"line":345,"column":48}},"76":{"start":{"line":346,"column":21},"end":{"line":346,"column":50}},"77":{"start":{"line":347,"column":4},"end":{"line":361,"column":5}},"78":{"start":{"line":348,"column":6},"end":{"line":348,"column":30}},"79":{"start":{"line":351,"column":6},"end":{"line":360,"column":8}},"80":{"start":{"line":363,"column":4},"end":{"line":363,"column":34}},"81":{"start":{"line":375,"column":22},"end":{"line":412,"column":1}},"82":{"start":{"line":380,"column":2},"end":{"line":411,"column":3}},"83":{"start":{"line":381,"column":15},"end":{"line":381,"column":43}},"84":{"start":{"line":382,"column":27},"end":{"line":392,"column":5}},"85":{"start":{"line":393,"column":4},"end":{"line":393,"column":48}},"86":{"start":{"line":394,"column":21},"end":{"line":394,"column":50}},"87":{"start":{"line":396,"column":4},"end":{"line":407,"column":5}},"88":{"start":{"line":400,"column":6},"end":{"line":406,"column":8}},"89":{"start":{"line":408,"column":4},"end":{"line":408,"column":28}},"90":{"start":{"line":410,"column":4},"end":{"line":410,"column":34}},"91":{"start":{"line":414,"column":0},"end":{"line":424,"column":2}}},"fnMap":{"0":{"name":"(anonymous_0)","decl":{"start":{"line":14,"column":27},"end":{"line":14,"column":28}},"loc":{"start":{"line":18,"column":5},"end":{"line":39,"column":1}},"line":18},"1":{"name":"(anonymous_1)","decl":{"start":{"line":51,"column":21},"end":{"line":51,"column":22}},"loc":{"start":{"line":57,"column":5},"end":{"line":86,"column":1}},"line":57},"2":{"name":"(anonymous_2)","decl":{"start":{"line":76,"column":35},"end":{"line":76,"column":36}},"loc":{"start":{"line":76,"column":45},"end":{"line":78,"column":7}},"line":76},"3":{"name":"(anonymous_3)","decl":{"start":{"line":96,"column":22},"end":{"line":96,"column":23}},"loc":{"start":{"line":100,"column":5},"end":{"line":134,"column":1}},"line":100},"4":{"name":"(anonymous_4)","decl":{"start":{"line":145,"column":19},"end":{"line":145,"column":20}},"loc":{"start":{"line":149,"column":5},"end":{"line":171,"column":1}},"line":149},"5":{"name":"(anonymous_5)","decl":{"start":{"line":182,"column":22},"end":{"line":182,"column":23}},"loc":{"start":{"line":187,"column":5},"end":{"line":223,"column":1}},"line":187},"6":{"name":"(anonymous_6)","decl":{"start":{"line":236,"column":33},"end":{"line":236,"column":34}},"loc":{"start":{"line":243,"column":5},"end":{"line":270,"column":1}},"line":243},"7":{"name":"(anonymous_7)","decl":{"start":{"line":280,"column":25},"end":{"line":280,"column":26}},"loc":{"start":{"line":284,"column":5},"end":{"line":317,"column":1}},"line":284},"8":{"name":"(anonymous_8)","decl":{"start":{"line":327,"column":23},"end":{"line":327,"column":24}},"loc":{"start":{"line":331,"column":5},"end":{"line":365,"column":1}},"line":331},"9":{"name":"(anonymous_9)","decl":{"start":{"line":375,"column":22},"end":{"line":375,"column":23}},"loc":{"start":{"line":379,"column":5},"end":{"line":412,"column":1}},"line":379}},"branchMap":{"0":{"loc":{"start":{"line":15,"column":2},"end":{"line":15,"column":35}},"type":"default-arg","locations":[{"start":{"line":15,"column":16},"end":{"line":15,"column":35}}],"line":15},"1":{"loc":{"start":{"line":16,"column":2},"end":{"line":16,"column":20}},"type":"default-arg","locations":[{"start":{"line":16,"column":9},"end":{"line":16,"column":20}}],"line":16},"2":{"loc":{"start":{"line":17,"column":2},"end":{"line":17,"column":12}},"type":"default-arg","locations":[{"start":{"line":17,"column":10},"end":{"line":17,"column":12}}],"line":17},"3":{"loc":{"start":{"line":52,"column":2},"end":{"line":52,"column":34}},"type":"default-arg","locations":[{"start":{"line":52,"column":16},"end":{"line":52,"column":34}}],"line":52},"4":{"loc":{"start":{"line":53,"column":2},"end":{"line":53,"column":12}},"type":"default-arg","locations":[{"start":{"line":53,"column":11},"end":{"line":53,"column":12}}],"line":53},"5":{"loc":{"start":{"line":54,"column":2},"end":{"line":54,"column":12}},"type":"default-arg","locations":[{"start":{"line":54,"column":10},"end":{"line":54,"column":12}}],"line":54},"6":{"loc":{"start":{"line":55,"column":2},"end":{"line":55,"column":21}},"type":"default-arg","locations":[{"start":{"line":55,"column":12},"end":{"line":55,"column":21}}],"line":55},"7":{"loc":{"start":{"line":56,"column":2},"end":{"line":56,"column":12}},"type":"default-arg","locations":[{"start":{"line":56,"column":10},"end":{"line":56,"column":12}}],"line":56},"8":{"loc":{"start":{"line":75,"column":4},"end":{"line":79,"column":5}},"type":"if","locations":[{"start":{"line":75,"column":4},"end":{"line":79,"column":5}},{"start":{"line":75,"column":4},"end":{"line":79,"column":5}}],"line":75},"9":{"loc":{"start":{"line":97,"column":2},"end":{"line":97,"column":34}},"type":"default-arg","locations":[{"start":{"line":97,"column":16},"end":{"line":97,"column":34}}],"line":97},"10":{"loc":{"start":{"line":98,"column":2},"end":{"line":98,"column":20}},"type":"default-arg","locations":[{"start":{"line":98,"column":9},"end":{"line":98,"column":20}}],"line":98},"11":{"loc":{"start":{"line":99,"column":2},"end":{"line":99,"column":12}},"type":"default-arg","locations":[{"start":{"line":99,"column":10},"end":{"line":99,"column":12}}],"line":99},"12":{"loc":{"start":{"line":119,"column":4},"end":{"line":129,"column":5}},"type":"if","locations":[{"start":{"line":119,"column":4},"end":{"line":129,"column":5}},{"start":{"line":119,"column":4},"end":{"line":129,"column":5}}],"line":119},"13":{"loc":{"start":{"line":119,"column":8},"end":{"line":121,"column":51}},"type":"binary-expr","locations":[{"start":{"line":119,"column":8},"end":{"line":119,"column":45}},{"start":{"line":120,"column":8},"end":{"line":120,"column":35}},{"start":{"line":121,"column":8},"end":{"line":121,"column":51}}],"line":119},"14":{"loc":{"start":{"line":146,"column":2},"end":{"line":146,"column":35}},"type":"default-arg","locations":[{"start":{"line":146,"column":16},"end":{"line":146,"column":35}}],"line":146},"15":{"loc":{"start":{"line":147,"column":2},"end":{"line":147,"column":35}},"type":"default-arg","locations":[{"start":{"line":147,"column":16},"end":{"line":147,"column":35}}],"line":147},"16":{"loc":{"start":{"line":148,"column":2},"end":{"line":148,"column":12}},"type":"default-arg","locations":[{"start":{"line":148,"column":10},"end":{"line":148,"column":12}}],"line":148},"17":{"loc":{"start":{"line":183,"column":2},"end":{"line":183,"column":35}},"type":"default-arg","locations":[{"start":{"line":183,"column":16},"end":{"line":183,"column":35}}],"line":183},"18":{"loc":{"start":{"line":184,"column":2},"end":{"line":184,"column":35}},"type":"default-arg","locations":[{"start":{"line":184,"column":16},"end":{"line":184,"column":35}}],"line":184},"19":{"loc":{"start":{"line":185,"column":2},"end":{"line":185,"column":20}},"type":"default-arg","locations":[{"start":{"line":185,"column":9},"end":{"line":185,"column":20}}],"line":185},"20":{"loc":{"start":{"line":186,"column":2},"end":{"line":186,"column":12}},"type":"default-arg","locations":[{"start":{"line":186,"column":10},"end":{"line":186,"column":12}}],"line":186},"21":{"loc":{"start":{"line":207,"column":4},"end":{"line":218,"column":5}},"type":"if","locations":[{"start":{"line":207,"column":4},"end":{"line":218,"column":5}},{"start":{"line":207,"column":4},"end":{"line":218,"column":5}}],"line":207},"22":{"loc":{"start":{"line":208,"column":6},"end":{"line":210,"column":49}},"type":"binary-expr","locations":[{"start":{"line":208,"column":6},"end":{"line":208,"column":43}},{"start":{"line":209,"column":6},"end":{"line":209,"column":33}},{"start":{"line":210,"column":6},"end":{"line":210,"column":49}}],"line":208},"23":{"loc":{"start":{"line":237,"column":2},"end":{"line":237,"column":34}},"type":"default-arg","locations":[{"start":{"line":237,"column":16},"end":{"line":237,"column":34}}],"line":237},"24":{"loc":{"start":{"line":238,"column":2},"end":{"line":238,"column":35}},"type":"default-arg","locations":[{"start":{"line":238,"column":16},"end":{"line":238,"column":35}}],"line":238},"25":{"loc":{"start":{"line":239,"column":2},"end":{"line":239,"column":12}},"type":"default-arg","locations":[{"start":{"line":239,"column":11},"end":{"line":239,"column":12}}],"line":239},"26":{"loc":{"start":{"line":240,"column":2},"end":{"line":240,"column":12}},"type":"default-arg","locations":[{"start":{"line":240,"column":10},"end":{"line":240,"column":12}}],"line":240},"27":{"loc":{"start":{"line":241,"column":2},"end":{"line":241,"column":25}},"type":"default-arg","locations":[{"start":{"line":241,"column":16},"end":{"line":241,"column":25}}],"line":241},"28":{"loc":{"start":{"line":242,"column":2},"end":{"line":242,"column":12}},"type":"default-arg","locations":[{"start":{"line":242,"column":10},"end":{"line":242,"column":12}}],"line":242},"29":{"loc":{"start":{"line":262,"column":4},"end":{"line":264,"column":5}},"type":"if","locations":[{"start":{"line":262,"column":4},"end":{"line":264,"column":5}},{"start":{"line":262,"column":4},"end":{"line":264,"column":5}}],"line":262},"30":{"loc":{"start":{"line":281,"column":2},"end":{"line":281,"column":35}},"type":"default-arg","locations":[{"start":{"line":281,"column":16},"end":{"line":281,"column":35}}],"line":281},"31":{"loc":{"start":{"line":282,"column":2},"end":{"line":282,"column":35}},"type":"default-arg","locations":[{"start":{"line":282,"column":16},"end":{"line":282,"column":35}}],"line":282},"32":{"loc":{"start":{"line":283,"column":2},"end":{"line":283,"column":12}},"type":"default-arg","locations":[{"start":{"line":283,"column":10},"end":{"line":283,"column":12}}],"line":283},"33":{"loc":{"start":{"line":300,"column":4},"end":{"line":314,"column":5}},"type":"if","locations":[{"start":{"line":300,"column":4},"end":{"line":314,"column":5}},{"start":{"line":300,"column":4},"end":{"line":314,"column":5}}],"line":300},"34":{"loc":{"start":{"line":306,"column":19},"end":{"line":306,"column":97}},"type":"cond-expr","locations":[{"start":{"line":306,"column":55},"end":{"line":306,"column":68}},{"start":{"line":306,"column":71},"end":{"line":306,"column":97}}],"line":306},"35":{"loc":{"start":{"line":307,"column":20},"end":{"line":309,"column":21}},"type":"cond-expr","locations":[{"start":{"line":308,"column":12},"end":{"line":308,"column":40}},{"start":{"line":309,"column":12},"end":{"line":309,"column":21}}],"line":307},"36":{"loc":{"start":{"line":307,"column":20},"end":{"line":307,"column":110}},"type":"binary-expr","locations":[{"start":{"line":307,"column":20},"end":{"line":307,"column":60}},{"start":{"line":307,"column":64},"end":{"line":307,"column":110}}],"line":307},"37":{"loc":{"start":{"line":310,"column":19},"end":{"line":312,"column":14}},"type":"cond-expr","locations":[{"start":{"line":311,"column":12},"end":{"line":311,"column":27}},{"start":{"line":312,"column":12},"end":{"line":312,"column":14}}],"line":310},"38":{"loc":{"start":{"line":310,"column":19},"end":{"line":310,"column":78}},"type":"binary-expr","locations":[{"start":{"line":310,"column":19},"end":{"line":310,"column":52}},{"start":{"line":310,"column":56},"end":{"line":310,"column":78}}],"line":310},"39":{"loc":{"start":{"line":328,"column":2},"end":{"line":328,"column":35}},"type":"default-arg","locations":[{"start":{"line":328,"column":16},"end":{"line":328,"column":35}}],"line":328},"40":{"loc":{"start":{"line":329,"column":2},"end":{"line":329,"column":35}},"type":"default-arg","locations":[{"start":{"line":329,"column":16},"end":{"line":329,"column":35}}],"line":329},"41":{"loc":{"start":{"line":330,"column":2},"end":{"line":330,"column":12}},"type":"default-arg","locations":[{"start":{"line":330,"column":10},"end":{"line":330,"column":12}}],"line":330},"42":{"loc":{"start":{"line":347,"column":4},"end":{"line":361,"column":5}},"type":"if","locations":[{"start":{"line":347,"column":4},"end":{"line":361,"column":5}},{"start":{"line":347,"column":4},"end":{"line":361,"column":5}}],"line":347},"43":{"loc":{"start":{"line":353,"column":19},"end":{"line":353,"column":95}},"type":"cond-expr","locations":[{"start":{"line":353,"column":55},"end":{"line":353,"column":68}},{"start":{"line":353,"column":71},"end":{"line":353,"column":95}}],"line":353},"44":{"loc":{"start":{"line":354,"column":20},"end":{"line":356,"column":21}},"type":"cond-expr","locations":[{"start":{"line":355,"column":12},"end":{"line":355,"column":40}},{"start":{"line":356,"column":12},"end":{"line":356,"column":21}}],"line":354},"45":{"loc":{"start":{"line":354,"column":20},"end":{"line":354,"column":110}},"type":"binary-expr","locations":[{"start":{"line":354,"column":20},"end":{"line":354,"column":60}},{"start":{"line":354,"column":64},"end":{"line":354,"column":110}}],"line":354},"46":{"loc":{"start":{"line":357,"column":19},"end":{"line":359,"column":14}},"type":"cond-expr","locations":[{"start":{"line":358,"column":12},"end":{"line":358,"column":27}},{"start":{"line":359,"column":12},"end":{"line":359,"column":14}}],"line":357},"47":{"loc":{"start":{"line":357,"column":19},"end":{"line":357,"column":78}},"type":"binary-expr","locations":[{"start":{"line":357,"column":19},"end":{"line":357,"column":52}},{"start":{"line":357,"column":56},"end":{"line":357,"column":78}}],"line":357},"48":{"loc":{"start":{"line":376,"column":2},"end":{"line":376,"column":35}},"type":"default-arg","locations":[{"start":{"line":376,"column":16},"end":{"line":376,"column":35}}],"line":376},"49":{"loc":{"start":{"line":377,"column":2},"end":{"line":377,"column":35}},"type":"default-arg","locations":[{"start":{"line":377,"column":16},"end":{"line":377,"column":35}}],"line":377},"50":{"loc":{"start":{"line":378,"column":2},"end":{"line":378,"column":12}},"type":"default-arg","locations":[{"start":{"line":378,"column":10},"end":{"line":378,"column":12}}],"line":378},"51":{"loc":{"start":{"line":396,"column":4},"end":{"line":407,"column":5}},"type":"if","locations":[{"start":{"line":396,"column":4},"end":{"line":407,"column":5}},{"start":{"line":396,"column":4},"end":{"line":407,"column":5}}],"line":396},"52":{"loc":{"start":{"line":396,"column":8},"end":{"line":398,"column":51}},"type":"binary-expr","locations":[{"start":{"line":396,"column":8},"end":{"line":396,"column":45}},{"start":{"line":397,"column":8},"end":{"line":397,"column":35}},{"start":{"line":398,"column":8},"end":{"line":398,"column":51}}],"line":396}},"s":{"0":1,"1":1,"2":1,"3":0,"4":0,"5":0,"6":0,"7":0,"8":0,"9":0,"10":1,"11":0,"12":0,"13":0,"14":0,"15":0,"16":0,"17":0,"18":0,"19":0,"20":0,"21":1,"22":0,"23":0,"24":0,"25":0,"26":0,"27":0,"28":0,"29":0,"30":0,"31":0,"32":1,"33":0,"34":0,"35":0,"36":0,"37":0,"38":0,"39":0,"40":1,"41":0,"42":0,"43":0,"44":0,"45":0,"46":0,"47":0,"48":0,"49":0,"50":0,"51":1,"52":0,"53":0,"54":0,"55":0,"56":0,"57":0,"58":0,"59":0,"60":0,"61":1,"62":0,"63":0,"64":0,"65":0,"66":0,"67":0,"68":0,"69":0,"70":0,"71":1,"72":0,"73":0,"74":0,"75":0,"76":0,"77":0,"78":0,"79":0,"80":0,"81":1,"82":0,"83":0,"84":0,"85":0,"86":0,"87":0,"88":0,"89":0,"90":0,"91":1},"f":{"0":0,"1":0,"2":0,"3":0,"4":0,"5":0,"6":0,"7":0,"8":0,"9":0},"b":{"0":[0],"1":[0],"2":[0],"3":[0],"4":[0],"5":[0],"6":[0],"7":[0],"8":[0,0],"9":[0],"10":[0],"11":[0],"12":[0,0],"13":[0,0,0],"14":[0],"15":[0],"16":[0],"17":[0],"18":[0],"19":[0],"20":[0],"21":[0,0],"22":[0,0,0],"23":[0],"24":[0],"25":[0],"26":[0],"27":[0],"28":[0],"29":[0,0],"30":[0],"31":[0],"32":[0],"33":[0,0],"34":[0,0],"35":[0,0],"36":[0,0],"37":[0,0],"38":[0,0],"39":[0],"40":[0],"41":[0],"42":[0,0],"43":[0,0],"44":[0,0],"45":[0,0],"46":[0,0],"47":[0,0],"48":[0],"49":[0],"50":[0],"51":[0,0],"52":[0,0,0]},"_coverageSchema":"1a1c01bbd47fc00a2c39e90264f33305004495a9","hash":"171f986364e8f5f33d89f76e7673a2f223efb841","contentHash":"160feabb0676b9ef33996480ca8fa7c45cf81ba59b01bdf3830d3d2e2e2bcf52"},"/Users/jschimmoeller/projects/star2star-js-ms-sdk/src/utilities.js":{"path":"/Users/jschimmoeller/projects/star2star-js-ms-sdk/src/utilities.js","statementMap":{"0":{"start":{"line":4,"column":15},"end":{"line":4,"column":34}},"1":{"start":{"line":5,"column":14},"end":{"line":5,"column":46}},"2":{"start":{"line":6,"column":24},"end":{"line":6,"column":51}},"3":{"start":{"line":7,"column":15},"end":{"line":7,"column":32}},"4":{"start":{"line":8,"column":15},"end":{"line":8,"column":30}},"5":{"start":{"line":9,"column":15},"end":{"line":9,"column":39}},"6":{"start":{"line":16,"column":22},"end":{"line":26,"column":1}},"7":{"start":{"line":18,"column":2},"end":{"line":25,"column":3}},"8":{"start":{"line":19,"column":4},"end":{"line":21,"column":5}},"9":{"start":{"line":20,"column":6},"end":{"line":20,"column":29}},"10":{"start":{"line":22,"column":4},"end":{"line":22,"column":29}},"11":{"start":{"line":24,"column":4},"end":{"line":24,"column":23}},"12":{"start":{"line":34,"column":20},"end":{"line":39,"column":1}},"13":{"start":{"line":35,"column":18},"end":{"line":35,"column":44}},"14":{"start":{"line":36,"column":2},"end":{"line":38,"column":16}},"15":{"start":{"line":47,"column":20},"end":{"line":49,"column":1}},"16":{"start":{"line":48,"column":2},"end":{"line":48,"column":35}},"17":{"start":{"line":56,"column":19},"end":{"line":59,"column":1}},"18":{"start":{"line":57,"column":21},"end":{"line":57,"column":47}},"19":{"start":{"line":58,"column":2},"end":{"line":58,"column":63}},"20":{"start":{"line":67,"column":28},"end":{"line":79,"column":1}},"21":{"start":{"line":68,"column":16},"end":{"line":68,"column":26}},"22":{"start":{"line":69,"column":16},"end":{"line":69,"column":43}},"23":{"start":{"line":70,"column":16},"end":{"line":70,"column":36}},"24":{"start":{"line":71,"column":18},"end":{"line":76,"column":3}},"25":{"start":{"line":78,"column":2},"end":{"line":78,"column":30}},"26":{"start":{"line":88,"column":31},"end":{"line":112,"column":1}},"27":{"start":{"line":89,"column":18},"end":{"line":89,"column":47}},"28":{"start":{"line":90,"column":17},"end":{"line":90,"column":45}},"29":{"start":{"line":91,"column":2},"end":{"line":93,"column":3}},"30":{"start":{"line":92,"column":4},"end":{"line":92,"column":18}},"31":{"start":{"line":96,"column":2},"end":{"line":109,"column":3}},"32":{"start":{"line":98,"column":4},"end":{"line":98,"column":34}},"33":{"start":{"line":100,"column":4},"end":{"line":108,"column":18}},"34":{"start":{"line":101,"column":6},"end":{"line":106,"column":7}},"35":{"start":{"line":103,"column":8},"end":{"line":105,"column":9}},"36":{"start":{"line":104,"column":10},"end":{"line":104,"column":64}},"37":{"start":{"line":107,"column":6},"end":{"line":107,"column":15}},"38":{"start":{"line":111,"column":2},"end":{"line":111,"column":17}},"39":{"start":{"line":121,"column":25},"end":{"line":139,"column":1}},"40":{"start":{"line":123,"column":18},"end":{"line":123,"column":39}},"41":{"start":{"line":124,"column":21},"end":{"line":124,"column":31}},"42":{"start":{"line":126,"column":25},"end":{"line":126,"column":50}},"43":{"start":{"line":128,"column":2},"end":{"line":136,"column":7}},"44":{"start":{"line":130,"column":29},"end":{"line":130,"column":73}},"45":{"start":{"line":132,"column":6},"end":{"line":135,"column":8}},"46":{"start":{"line":138,"column":2},"end":{"line":138,"column":22}},"47":{"start":{"line":146,"column":19},"end":{"line":148,"column":1}},"48":{"start":{"line":147,"column":2},"end":{"line":147,"column":14}},"49":{"start":{"line":158,"column":17},"end":{"line":171,"column":1}},"50":{"start":{"line":159,"column":16},"end":{"line":159,"column":37}},"51":{"start":{"line":160,"column":28},"end":{"line":162,"column":3}},"52":{"start":{"line":163,"column":16},"end":{"line":163,"column":46}},"53":{"start":{"line":164,"column":2},"end":{"line":169,"column":4}},"54":{"start":{"line":170,"column":2},"end":{"line":170,"column":27}},"55":{"start":{"line":180,"column":23},"end":{"line":226,"column":1}},"56":{"start":{"line":184,"column":19},"end":{"line":199,"column":3}},"57":{"start":{"line":185,"column":4},"end":{"line":196,"column":7}},"58":{"start":{"line":186,"column":6},"end":{"line":186,"column":24}},"59":{"start":{"line":186,"column":17},"end":{"line":186,"column":24}},"60":{"start":{"line":188,"column":6},"end":{"line":195,"column":7}},"61":{"start":{"line":190,"column":8},"end":{"line":192,"column":11}},"62":{"start":{"line":191,"column":10},"end":{"line":191,"column":64}},"63":{"start":{"line":194,"column":8},"end":{"line":194,"column":67}},"64":{"start":{"line":198,"column":4},"end":{"line":198,"column":17}},"65":{"start":{"line":201,"column":20},"end":{"line":212,"column":3}},"66":{"start":{"line":202,"column":4},"end":{"line":211,"column":5}},"67":{"start":{"line":207,"column":6},"end":{"line":207,"column":56}},"68":{"start":{"line":208,"column":11},"end":{"line":211,"column":5}},"69":{"start":{"line":210,"column":6},"end":{"line":210,"column":51}},"70":{"start":{"line":216,"column":2},"end":{"line":223,"column":5}},"71":{"start":{"line":217,"column":29},"end":{"line":220,"column":6}},"72":{"start":{"line":218,"column":18},"end":{"line":218,"column":23}},"73":{"start":{"line":219,"column":6},"end":{"line":219,"column":58}},"74":{"start":{"line":222,"column":4},"end":{"line":222,"column":38}},"75":{"start":{"line":225,"column":2},"end":{"line":225,"column":18}},"76":{"start":{"line":235,"column":18},"end":{"line":274,"column":1}},"77":{"start":{"line":238,"column":2},"end":{"line":273,"column":3}},"78":{"start":{"line":240,"column":15},"end":{"line":240,"column":16}},"79":{"start":{"line":242,"column":24},"end":{"line":268,"column":5}},"80":{"start":{"line":243,"column":6},"end":{"line":267,"column":7}},"81":{"start":{"line":244,"column":26},"end":{"line":244,"column":52}},"82":{"start":{"line":245,"column":8},"end":{"line":245,"column":51}},"83":{"start":{"line":246,"column":25},"end":{"line":246,"column":54}},"84":{"start":{"line":247,"column":8},"end":{"line":247,"column":40}},"85":{"start":{"line":248,"column":8},"end":{"line":251,"column":43}},"86":{"start":{"line":252,"column":8},"end":{"line":264,"column":9}},"87":{"start":{"line":253,"column":10},"end":{"line":253,"column":44}},"88":{"start":{"line":254,"column":31},"end":{"line":254,"column":73}},"89":{"start":{"line":255,"column":24},"end":{"line":255,"column":65}},"90":{"start":{"line":256,"column":10},"end":{"line":256,"column":33}},"91":{"start":{"line":257,"column":10},"end":{"line":257,"column":39}},"92":{"start":{"line":258,"column":10},"end":{"line":258,"column":42}},"93":{"start":{"line":259,"column":10},"end":{"line":259,"column":42}},"94":{"start":{"line":260,"column":10},"end":{"line":260,"column":32}},"95":{"start":{"line":261,"column":10},"end":{"line":261,"column":26}},"96":{"start":{"line":263,"column":10},"end":{"line":263,"column":26}},"97":{"start":{"line":266,"column":8},"end":{"line":266,"column":33}},"98":{"start":{"line":269,"column":21},"end":{"line":269,"column":70}},"99":{"start":{"line":270,"column":4},"end":{"line":270,"column":20}},"100":{"start":{"line":272,"column":4},"end":{"line":272,"column":29}},"101":{"start":{"line":283,"column":24},"end":{"line":320,"column":1}},"102":{"start":{"line":284,"column":2},"end":{"line":286,"column":3}},"103":{"start":{"line":285,"column":4},"end":{"line":285,"column":24}},"104":{"start":{"line":287,"column":2},"end":{"line":289,"column":3}},"105":{"start":{"line":288,"column":4},"end":{"line":288,"column":32}},"106":{"start":{"line":291,"column":2},"end":{"line":293,"column":3}},"107":{"start":{"line":292,"column":4},"end":{"line":292,"column":15}},"108":{"start":{"line":295,"column":21},"end":{"line":295,"column":46}},"109":{"start":{"line":297,"column":2},"end":{"line":303,"column":5}},"110":{"start":{"line":298,"column":4},"end":{"line":302,"column":5}},"111":{"start":{"line":299,"column":6},"end":{"line":299,"column":55}},"112":{"start":{"line":301,"column":6},"end":{"line":301,"column":45}},"113":{"start":{"line":304,"column":2},"end":{"line":313,"column":3}},"114":{"start":{"line":305,"column":4},"end":{"line":305,"column":40}},"115":{"start":{"line":306,"column":9},"end":{"line":313,"column":3}},"116":{"start":{"line":310,"column":4},"end":{"line":310,"column":40}},"117":{"start":{"line":312,"column":4},"end":{"line":312,"column":41}},"118":{"start":{"line":314,"column":2},"end":{"line":317,"column":4}},"119":{"start":{"line":319,"column":2},"end":{"line":319,"column":24}},"120":{"start":{"line":322,"column":28},"end":{"line":354,"column":1}},"121":{"start":{"line":323,"column":16},"end":{"line":323,"column":18}},"122":{"start":{"line":325,"column":2},"end":{"line":327,"column":3}},"123":{"start":{"line":326,"column":4},"end":{"line":326,"column":21}},"124":{"start":{"line":329,"column":2},"end":{"line":331,"column":3}},"125":{"start":{"line":330,"column":4},"end":{"line":330,"column":36}},"126":{"start":{"line":333,"column":2},"end":{"line":337,"column":3}},"127":{"start":{"line":334,"column":4},"end":{"line":334,"column":38}},"128":{"start":{"line":336,"column":4},"end":{"line":336,"column":28}},"129":{"start":{"line":339,"column":2},"end":{"line":349,"column":3}},"130":{"start":{"line":340,"column":4},"end":{"line":340,"column":38}},"131":{"start":{"line":341,"column":9},"end":{"line":349,"column":3}},"132":{"start":{"line":346,"column":4},"end":{"line":346,"column":25}},"133":{"start":{"line":348,"column":4},"end":{"line":348,"column":26}},"134":{"start":{"line":351,"column":2},"end":{"line":351,"column":20}},"135":{"start":{"line":353,"column":2},"end":{"line":353,"column":17}},"136":{"start":{"line":367,"column":24},"end":{"line":425,"column":1}},"137":{"start":{"line":374,"column":2},"end":{"line":424,"column":3}},"138":{"start":{"line":376,"column":4},"end":{"line":378,"column":5}},"139":{"start":{"line":377,"column":6},"end":{"line":377,"column":30}},"140":{"start":{"line":381,"column":4},"end":{"line":381,"column":35}},"141":{"start":{"line":382,"column":4},"end":{"line":382,"column":37}},"142":{"start":{"line":383,"column":4},"end":{"line":383,"column":31}},"143":{"start":{"line":386,"column":22},"end":{"line":386,"column":48}},"144":{"start":{"line":387,"column":4},"end":{"line":387,"column":47}},"145":{"start":{"line":389,"column":20},"end":{"line":389,"column":51}},"146":{"start":{"line":390,"column":4},"end":{"line":408,"column":5}},"147":{"start":{"line":391,"column":21},"end":{"line":391,"column":50}},"148":{"start":{"line":393,"column":6},"end":{"line":406,"column":7}},"149":{"start":{"line":394,"column":8},"end":{"line":403,"column":9}},"150":{"start":{"line":396,"column":12},"end":{"line":396,"column":18}},"151":{"start":{"line":398,"column":12},"end":{"line":398,"column":36}},"152":{"start":{"line":400,"column":12},"end":{"line":400,"column":27}},"153":{"start":{"line":402,"column":12},"end":{"line":402,"column":27}},"154":{"start":{"line":405,"column":8},"end":{"line":405,"column":76}},"155":{"start":{"line":407,"column":6},"end":{"line":407,"column":79}},"156":{"start":{"line":407,"column":37},"end":{"line":407,"column":77}},"157":{"start":{"line":409,"column":4},"end":{"line":413,"column":6}},"158":{"start":{"line":416,"column":4},"end":{"line":422,"column":5}},"159":{"start":{"line":421,"column":6},"end":{"line":421,"column":30}},"160":{"start":{"line":423,"column":4},"end":{"line":423,"column":29}},"161":{"start":{"line":432,"column":20},"end":{"line":591,"column":1}},"162":{"start":{"line":433,"column":17},"end":{"line":433,"column":19}},"163":{"start":{"line":436,"column":2},"end":{"line":589,"column":3}},"164":{"start":{"line":438,"column":4},"end":{"line":502,"column":5}},"165":{"start":{"line":440,"column":6},"end":{"line":450,"column":7}},"166":{"start":{"line":441,"column":8},"end":{"line":449,"column":9}},"167":{"start":{"line":442,"column":29},"end":{"line":442,"column":60}},"168":{"start":{"line":443,"column":10},"end":{"line":443,"column":43}},"169":{"start":{"line":445,"column":23},"end":{"line":445,"column":53}},"170":{"start":{"line":446,"column":10},"end":{"line":448,"column":12}},"171":{"start":{"line":454,"column":6},"end":{"line":461,"column":16}},"172":{"start":{"line":463,"column":6},"end":{"line":467,"column":32}},"173":{"start":{"line":469,"column":6},"end":{"line":473,"column":17}},"174":{"start":{"line":476,"column":6},"end":{"line":481,"column":7}},"175":{"start":{"line":477,"column":24},"end":{"line":477,"column":54}},"176":{"start":{"line":478,"column":8},"end":{"line":480,"column":10}},"177":{"start":{"line":483,"column":6},"end":{"line":501,"column":7}},"178":{"start":{"line":484,"column":8},"end":{"line":500,"column":15}},"179":{"start":{"line":485,"column":10},"end":{"line":499,"column":11}},"180":{"start":{"line":486,"column":12},"end":{"line":494,"column":13}},"181":{"start":{"line":487,"column":14},"end":{"line":487,"column":56}},"182":{"start":{"line":489,"column":14},"end":{"line":492,"column":16}},"183":{"start":{"line":493,"column":14},"end":{"line":493,"column":66}},"184":{"start":{"line":495,"column":17},"end":{"line":499,"column":11}},"185":{"start":{"line":496,"column":12},"end":{"line":496,"column":38}},"186":{"start":{"line":498,"column":12},"end":{"line":498,"column":23}},"187":{"start":{"line":505,"column":4},"end":{"line":510,"column":5}},"188":{"start":{"line":509,"column":6},"end":{"line":509,"column":52}},"189":{"start":{"line":516,"column":4},"end":{"line":534,"column":5}},"190":{"start":{"line":517,"column":6},"end":{"line":528,"column":7}},"191":{"start":{"line":518,"column":21},"end":{"line":518,"column":41}},"192":{"start":{"line":519,"column":8},"end":{"line":521,"column":9}},"193":{"start":{"line":520,"column":10},"end":{"line":520,"column":29}},"194":{"start":{"line":523,"column":8},"end":{"line":526,"column":10}},"195":{"start":{"line":527,"column":8},"end":{"line":527,"column":26}},"196":{"start":{"line":530,"column":11},"end":{"line":534,"column":5}},"197":{"start":{"line":531,"column":6},"end":{"line":531,"column":37}},"198":{"start":{"line":533,"column":6},"end":{"line":533,"column":24}},"199":{"start":{"line":537,"column":4},"end":{"line":542,"column":30}},"200":{"start":{"line":545,"column":4},"end":{"line":548,"column":15}},"201":{"start":{"line":551,"column":4},"end":{"line":567,"column":13}},"202":{"start":{"line":554,"column":12},"end":{"line":565,"column":13}},"203":{"start":{"line":555,"column":14},"end":{"line":562,"column":15}},"204":{"start":{"line":556,"column":16},"end":{"line":556,"column":56}},"205":{"start":{"line":558,"column":16},"end":{"line":561,"column":18}},"206":{"start":{"line":563,"column":19},"end":{"line":565,"column":13}},"207":{"start":{"line":564,"column":14},"end":{"line":564,"column":38}},"208":{"start":{"line":570,"column":4},"end":{"line":588,"column":5}},"209":{"start":{"line":571,"column":6},"end":{"line":571,"column":29}},"210":{"start":{"line":572,"column":11},"end":{"line":588,"column":5}},"211":{"start":{"line":580,"column":6},"end":{"line":587,"column":7}},"212":{"start":{"line":581,"column":8},"end":{"line":581,"column":70}},"213":{"start":{"line":583,"column":8},"end":{"line":586,"column":10}},"214":{"start":{"line":590,"column":2},"end":{"line":590,"column":16}},"215":{"start":{"line":599,"column":25},"end":{"line":629,"column":1}},"216":{"start":{"line":600,"column":2},"end":{"line":628,"column":3}},"217":{"start":{"line":601,"column":19},"end":{"line":607,"column":5}},"218":{"start":{"line":611,"column":6},"end":{"line":613,"column":16}},"219":{"start":{"line":614,"column":22},"end":{"line":614,"column":54}},"220":{"start":{"line":616,"column":4},"end":{"line":624,"column":5}},"221":{"start":{"line":617,"column":6},"end":{"line":617,"column":33}},"222":{"start":{"line":618,"column":6},"end":{"line":618,"column":20}},"223":{"start":{"line":620,"column":6},"end":{"line":622,"column":7}},"224":{"start":{"line":621,"column":8},"end":{"line":621,"column":37}},"225":{"start":{"line":623,"column":6},"end":{"line":623,"column":36}},"226":{"start":{"line":627,"column":4},"end":{"line":627,"column":25}},"227":{"start":{"line":637,"column":16},"end":{"line":650,"column":1}},"228":{"start":{"line":638,"column":20},"end":{"line":638,"column":33}},"229":{"start":{"line":640,"column":14},"end":{"line":640,"column":54}},"230":{"start":{"line":643,"column":13},"end":{"line":643,"column":32}},"231":{"start":{"line":645,"column":17},"end":{"line":645,"column":58}},"232":{"start":{"line":647,"column":18},"end":{"line":647,"column":52}},"233":{"start":{"line":648,"column":2},"end":{"line":648,"column":35}},"234":{"start":{"line":649,"column":2},"end":{"line":649,"column":19}},"235":{"start":{"line":658,"column":16},"end":{"line":670,"column":1}},"236":{"start":{"line":659,"column":20},"end":{"line":659,"column":33}},"237":{"start":{"line":661,"column":14},"end":{"line":661,"column":54}},"238":{"start":{"line":663,"column":13},"end":{"line":663,"column":32}},"239":{"start":{"line":665,"column":19},"end":{"line":665,"column":62}},"240":{"start":{"line":667,"column":18},"end":{"line":667,"column":54}},"241":{"start":{"line":668,"column":2},"end":{"line":668,"column":38}},"242":{"start":{"line":669,"column":2},"end":{"line":669,"column":19}},"243":{"start":{"line":674,"column":19},"end":{"line":678,"column":1}},"244":{"start":{"line":675,"column":2},"end":{"line":677,"column":3}},"245":{"start":{"line":676,"column":4},"end":{"line":676,"column":33}},"246":{"start":{"line":680,"column":19},"end":{"line":685,"column":1}},"247":{"start":{"line":681,"column":2},"end":{"line":683,"column":3}},"248":{"start":{"line":682,"column":4},"end":{"line":682,"column":33}},"249":{"start":{"line":684,"column":2},"end":{"line":684,"column":15}},"250":{"start":{"line":687,"column":23},"end":{"line":718,"column":1}},"251":{"start":{"line":688,"column":23},"end":{"line":693,"column":3}},"252":{"start":{"line":694,"column":2},"end":{"line":716,"column":5}},"253":{"start":{"line":695,"column":4},"end":{"line":715,"column":5}},"254":{"start":{"line":696,"column":6},"end":{"line":709,"column":7}},"255":{"start":{"line":697,"column":8},"end":{"line":706,"column":11}},"256":{"start":{"line":698,"column":10},"end":{"line":705,"column":11}},"257":{"start":{"line":699,"column":12},"end":{"line":699,"column":40}},"258":{"start":{"line":700,"column":17},"end":{"line":705,"column":11}},"259":{"start":{"line":704,"column":12},"end":{"line":704,"column":28}},"260":{"start":{"line":708,"column":8},"end":{"line":708,"column":44}},"261":{"start":{"line":710,"column":11},"end":{"line":715,"column":5}},"262":{"start":{"line":714,"column":6},"end":{"line":714,"column":22}},"263":{"start":{"line":717,"column":2},"end":{"line":717,"column":13}},"264":{"start":{"line":720,"column":29},"end":{"line":727,"column":1}},"265":{"start":{"line":721,"column":2},"end":{"line":726,"column":3}},"266":{"start":{"line":722,"column":4},"end":{"line":723,"column":11}},"267":{"start":{"line":725,"column":4},"end":{"line":725,"column":29}},"268":{"start":{"line":729,"column":32},"end":{"line":736,"column":1}},"269":{"start":{"line":730,"column":2},"end":{"line":735,"column":3}},"270":{"start":{"line":731,"column":4},"end":{"line":732,"column":11}},"271":{"start":{"line":734,"column":4},"end":{"line":734,"column":29}},"272":{"start":{"line":738,"column":18},"end":{"line":774,"column":1}},"273":{"start":{"line":739,"column":17},"end":{"line":742,"column":3}},"274":{"start":{"line":743,"column":2},"end":{"line":772,"column":3}},"275":{"start":{"line":744,"column":19},"end":{"line":765,"column":5}},"276":{"start":{"line":745,"column":6},"end":{"line":747,"column":7}},"277":{"start":{"line":746,"column":8},"end":{"line":746,"column":19}},"278":{"start":{"line":749,"column":25},"end":{"line":753,"column":7}},"279":{"start":{"line":754,"column":6},"end":{"line":764,"column":9}},"280":{"start":{"line":755,"column":21},"end":{"line":755,"column":32}},"281":{"start":{"line":756,"column":24},"end":{"line":756,"column":29}},"282":{"start":{"line":757,"column":8},"end":{"line":762,"column":9}},"283":{"start":{"line":758,"column":10},"end":{"line":761,"column":11}},"284":{"start":{"line":759,"column":12},"end":{"line":759,"column":40}},"285":{"start":{"line":760,"column":12},"end":{"line":760,"column":29}},"286":{"start":{"line":763,"column":8},"end":{"line":763,"column":25}},"287":{"start":{"line":766,"column":4},"end":{"line":768,"column":7}},"288":{"start":{"line":767,"column":6},"end":{"line":767,"column":43}},"289":{"start":{"line":769,"column":4},"end":{"line":771,"column":7}},"290":{"start":{"line":770,"column":6},"end":{"line":770,"column":43}},"291":{"start":{"line":773,"column":2},"end":{"line":773,"column":16}},"292":{"start":{"line":785,"column":29},"end":{"line":816,"column":1}},"293":{"start":{"line":789,"column":2},"end":{"line":815,"column":3}},"294":{"start":{"line":795,"column":4},"end":{"line":795,"column":18}},"295":{"start":{"line":796,"column":9},"end":{"line":815,"column":3}},"296":{"start":{"line":797,"column":19},"end":{"line":797,"column":52}},"297":{"start":{"line":798,"column":27},"end":{"line":798,"column":59}},"298":{"start":{"line":799,"column":4},"end":{"line":801,"column":5}},"299":{"start":{"line":800,"column":6},"end":{"line":800,"column":28}},"300":{"start":{"line":802,"column":4},"end":{"line":802,"column":18}},"301":{"start":{"line":803,"column":9},"end":{"line":815,"column":3}},"302":{"start":{"line":804,"column":4},"end":{"line":806,"column":7}},"303":{"start":{"line":805,"column":6},"end":{"line":805,"column":60}},"304":{"start":{"line":807,"column":9},"end":{"line":815,"column":3}},"305":{"start":{"line":808,"column":4},"end":{"line":810,"column":7}},"306":{"start":{"line":809,"column":6},"end":{"line":809,"column":76}},"307":{"start":{"line":811,"column":4},"end":{"line":811,"column":18}},"308":{"start":{"line":814,"column":4},"end":{"line":814,"column":18}},"309":{"start":{"line":818,"column":29},"end":{"line":820,"column":1}},"310":{"start":{"line":819,"column":2},"end":{"line":819,"column":43}},"311":{"start":{"line":822,"column":24},"end":{"line":824,"column":1}},"312":{"start":{"line":823,"column":2},"end":{"line":823,"column":62}},"313":{"start":{"line":834,"column":27},"end":{"line":859,"column":1}},"314":{"start":{"line":835,"column":28},"end":{"line":838,"column":3}},"315":{"start":{"line":839,"column":28},"end":{"line":857,"column":3}},"316":{"start":{"line":842,"column":6},"end":{"line":844,"column":7}},"317":{"start":{"line":843,"column":8},"end":{"line":843,"column":19}},"318":{"start":{"line":845,"column":27},"end":{"line":845,"column":70}},"319":{"start":{"line":847,"column":6},"end":{"line":852,"column":7}},"320":{"start":{"line":848,"column":8},"end":{"line":850,"column":9}},"321":{"start":{"line":849,"column":10},"end":{"line":849,"column":43}},"322":{"start":{"line":851,"column":8},"end":{"line":851,"column":42}},"323":{"start":{"line":854,"column":6},"end":{"line":854,"column":46}},"324":{"start":{"line":858,"column":2},"end":{"line":858,"column":42}},"325":{"start":{"line":868,"column":21},"end":{"line":887,"column":1}},"326":{"start":{"line":869,"column":2},"end":{"line":886,"column":3}},"327":{"start":{"line":870,"column":4},"end":{"line":870,"column":21}},"328":{"start":{"line":873,"column":4},"end":{"line":885,"column":5}},"329":{"start":{"line":874,"column":24},"end":{"line":874,"column":61}},"330":{"start":{"line":875,"column":6},"end":{"line":879,"column":9}},"331":{"start":{"line":876,"column":8},"end":{"line":878,"column":9}},"332":{"start":{"line":877,"column":10},"end":{"line":877,"column":33}},"333":{"start":{"line":880,"column":6},"end":{"line":880,"column":23}},"334":{"start":{"line":882,"column":6},"end":{"line":882,"column":66}},"335":{"start":{"line":884,"column":6},"end":{"line":884,"column":23}},"336":{"start":{"line":889,"column":0},"end":{"line":918,"column":2}}},"fnMap":{"0":{"name":"(anonymous_0)","decl":{"start":{"line":16,"column":22},"end":{"line":16,"column":23}},"loc":{"start":{"line":16,"column":28},"end":{"line":26,"column":1}},"line":16},"1":{"name":"(anonymous_1)","decl":{"start":{"line":34,"column":20},"end":{"line":34,"column":21}},"loc":{"start":{"line":34,"column":50},"end":{"line":39,"column":1}},"line":34},"2":{"name":"(anonymous_2)","decl":{"start":{"line":47,"column":20},"end":{"line":47,"column":21}},"loc":{"start":{"line":47,"column":26},"end":{"line":49,"column":1}},"line":47},"3":{"name":"(anonymous_3)","decl":{"start":{"line":56,"column":19},"end":{"line":56,"column":20}},"loc":{"start":{"line":56,"column":25},"end":{"line":59,"column":1}},"line":56},"4":{"name":"(anonymous_4)","decl":{"start":{"line":67,"column":28},"end":{"line":67,"column":29}},"loc":{"start":{"line":67,"column":45},"end":{"line":79,"column":1}},"line":67},"5":{"name":"(anonymous_5)","decl":{"start":{"line":88,"column":31},"end":{"line":88,"column":32}},"loc":{"start":{"line":88,"column":70},"end":{"line":112,"column":1}},"line":88},"6":{"name":"(anonymous_6)","decl":{"start":{"line":100,"column":45},"end":{"line":100,"column":46}},"loc":{"start":{"line":100,"column":55},"end":{"line":108,"column":5}},"line":100},"7":{"name":"(anonymous_7)","decl":{"start":{"line":121,"column":25},"end":{"line":121,"column":26}},"loc":{"start":{"line":121,"column":63},"end":{"line":139,"column":1}},"line":121},"8":{"name":"(anonymous_8)","decl":{"start":{"line":129,"column":27},"end":{"line":129,"column":28}},"loc":{"start":{"line":129,"column":41},"end":{"line":136,"column":5}},"line":129},"9":{"name":"(anonymous_9)","decl":{"start":{"line":146,"column":19},"end":{"line":146,"column":20}},"loc":{"start":{"line":146,"column":25},"end":{"line":148,"column":1}},"line":146},"10":{"name":"(anonymous_10)","decl":{"start":{"line":158,"column":17},"end":{"line":158,"column":18}},"loc":{"start":{"line":158,"column":55},"end":{"line":171,"column":1}},"line":158},"11":{"name":"(anonymous_11)","decl":{"start":{"line":180,"column":23},"end":{"line":180,"column":24}},"loc":{"start":{"line":180,"column":46},"end":{"line":226,"column":1}},"line":180},"12":{"name":"(anonymous_12)","decl":{"start":{"line":184,"column":19},"end":{"line":184,"column":20}},"loc":{"start":{"line":184,"column":52},"end":{"line":199,"column":3}},"line":184},"13":{"name":"(anonymous_13)","decl":{"start":{"line":185,"column":29},"end":{"line":185,"column":30}},"loc":{"start":{"line":185,"column":39},"end":{"line":196,"column":5}},"line":185},"14":{"name":"(anonymous_14)","decl":{"start":{"line":190,"column":33},"end":{"line":190,"column":34}},"loc":{"start":{"line":190,"column":43},"end":{"line":192,"column":9}},"line":190},"15":{"name":"(anonymous_15)","decl":{"start":{"line":201,"column":20},"end":{"line":201,"column":21}},"loc":{"start":{"line":201,"column":59},"end":{"line":212,"column":3}},"line":201},"16":{"name":"(anonymous_16)","decl":{"start":{"line":216,"column":31},"end":{"line":216,"column":32}},"loc":{"start":{"line":216,"column":43},"end":{"line":223,"column":3}},"line":216},"17":{"name":"(anonymous_17)","decl":{"start":{"line":217,"column":51},"end":{"line":217,"column":52}},"loc":{"start":{"line":217,"column":67},"end":{"line":220,"column":5}},"line":217},"18":{"name":"(anonymous_18)","decl":{"start":{"line":235,"column":18},"end":{"line":235,"column":19}},"loc":{"start":{"line":235,"column":65},"end":{"line":274,"column":1}},"line":235},"19":{"name":"(anonymous_19)","decl":{"start":{"line":242,"column":24},"end":{"line":242,"column":25}},"loc":{"start":{"line":242,"column":71},"end":{"line":268,"column":5}},"line":242},"20":{"name":"(anonymous_20)","decl":{"start":{"line":283,"column":24},"end":{"line":283,"column":25}},"loc":{"start":{"line":283,"column":56},"end":{"line":320,"column":1}},"line":283},"21":{"name":"(anonymous_21)","decl":{"start":{"line":297,"column":21},"end":{"line":297,"column":22}},"loc":{"start":{"line":297,"column":34},"end":{"line":303,"column":3}},"line":297},"22":{"name":"(anonymous_22)","decl":{"start":{"line":322,"column":28},"end":{"line":322,"column":29}},"loc":{"start":{"line":322,"column":50},"end":{"line":354,"column":1}},"line":322},"23":{"name":"(anonymous_23)","decl":{"start":{"line":367,"column":24},"end":{"line":367,"column":25}},"loc":{"start":{"line":373,"column":5},"end":{"line":425,"column":1}},"line":373},"24":{"name":"(anonymous_24)","decl":{"start":{"line":407,"column":24},"end":{"line":407,"column":25}},"loc":{"start":{"line":407,"column":37},"end":{"line":407,"column":77}},"line":407},"25":{"name":"(anonymous_25)","decl":{"start":{"line":432,"column":20},"end":{"line":432,"column":21}},"loc":{"start":{"line":432,"column":31},"end":{"line":591,"column":1}},"line":432},"26":{"name":"(anonymous_26)","decl":{"start":{"line":484,"column":60},"end":{"line":484,"column":61}},"loc":{"start":{"line":484,"column":75},"end":{"line":500,"column":9}},"line":484},"27":{"name":"(anonymous_27)","decl":{"start":{"line":553,"column":31},"end":{"line":553,"column":32}},"loc":{"start":{"line":553,"column":46},"end":{"line":566,"column":11}},"line":553},"28":{"name":"(anonymous_28)","decl":{"start":{"line":599,"column":25},"end":{"line":599,"column":26}},"loc":{"start":{"line":599,"column":50},"end":{"line":629,"column":1}},"line":599},"29":{"name":"(anonymous_29)","decl":{"start":{"line":637,"column":16},"end":{"line":637,"column":17}},"loc":{"start":{"line":637,"column":37},"end":{"line":650,"column":1}},"line":637},"30":{"name":"(anonymous_30)","decl":{"start":{"line":658,"column":16},"end":{"line":658,"column":17}},"loc":{"start":{"line":658,"column":37},"end":{"line":670,"column":1}},"line":658},"31":{"name":"(anonymous_31)","decl":{"start":{"line":674,"column":19},"end":{"line":674,"column":20}},"loc":{"start":{"line":674,"column":37},"end":{"line":678,"column":1}},"line":674},"32":{"name":"(anonymous_32)","decl":{"start":{"line":680,"column":19},"end":{"line":680,"column":20}},"loc":{"start":{"line":680,"column":25},"end":{"line":685,"column":1}},"line":680},"33":{"name":"(anonymous_33)","decl":{"start":{"line":687,"column":23},"end":{"line":687,"column":24}},"loc":{"start":{"line":687,"column":32},"end":{"line":718,"column":1}},"line":687},"34":{"name":"(anonymous_34)","decl":{"start":{"line":694,"column":27},"end":{"line":694,"column":28}},"loc":{"start":{"line":694,"column":36},"end":{"line":716,"column":3}},"line":694},"35":{"name":"(anonymous_35)","decl":{"start":{"line":697,"column":25},"end":{"line":697,"column":26}},"loc":{"start":{"line":697,"column":35},"end":{"line":706,"column":9}},"line":697},"36":{"name":"(anonymous_36)","decl":{"start":{"line":720,"column":29},"end":{"line":720,"column":30}},"loc":{"start":{"line":720,"column":40},"end":{"line":727,"column":1}},"line":720},"37":{"name":"(anonymous_37)","decl":{"start":{"line":729,"column":32},"end":{"line":729,"column":33}},"loc":{"start":{"line":729,"column":43},"end":{"line":736,"column":1}},"line":729},"38":{"name":"(anonymous_38)","decl":{"start":{"line":738,"column":18},"end":{"line":738,"column":19}},"loc":{"start":{"line":738,"column":69},"end":{"line":774,"column":1}},"line":738},"39":{"name":"(anonymous_39)","decl":{"start":{"line":744,"column":19},"end":{"line":744,"column":20}},"loc":{"start":{"line":744,"column":45},"end":{"line":765,"column":5}},"line":744},"40":{"name":"(anonymous_40)","decl":{"start":{"line":754,"column":24},"end":{"line":754,"column":25}},"loc":{"start":{"line":754,"column":34},"end":{"line":764,"column":7}},"line":754},"41":{"name":"(anonymous_41)","decl":{"start":{"line":766,"column":53},"end":{"line":766,"column":54}},"loc":{"start":{"line":766,"column":63},"end":{"line":768,"column":5}},"line":766},"42":{"name":"(anonymous_42)","decl":{"start":{"line":769,"column":55},"end":{"line":769,"column":56}},"loc":{"start":{"line":769,"column":65},"end":{"line":771,"column":5}},"line":769},"43":{"name":"(anonymous_43)","decl":{"start":{"line":785,"column":29},"end":{"line":785,"column":30}},"loc":{"start":{"line":785,"column":61},"end":{"line":816,"column":1}},"line":785},"44":{"name":"(anonymous_44)","decl":{"start":{"line":804,"column":22},"end":{"line":804,"column":23}},"loc":{"start":{"line":804,"column":32},"end":{"line":806,"column":5}},"line":804},"45":{"name":"(anonymous_45)","decl":{"start":{"line":808,"column":32},"end":{"line":808,"column":33}},"loc":{"start":{"line":808,"column":42},"end":{"line":810,"column":5}},"line":808},"46":{"name":"(anonymous_46)","decl":{"start":{"line":818,"column":29},"end":{"line":818,"column":30}},"loc":{"start":{"line":818,"column":42},"end":{"line":820,"column":1}},"line":818},"47":{"name":"(anonymous_47)","decl":{"start":{"line":822,"column":24},"end":{"line":822,"column":25}},"loc":{"start":{"line":822,"column":52},"end":{"line":824,"column":1}},"line":822},"48":{"name":"(anonymous_48)","decl":{"start":{"line":834,"column":27},"end":{"line":834,"column":28}},"loc":{"start":{"line":834,"column":79},"end":{"line":859,"column":1}},"line":834},"49":{"name":"(anonymous_49)","decl":{"start":{"line":840,"column":4},"end":{"line":840,"column":5}},"loc":{"start":{"line":840,"column":19},"end":{"line":855,"column":5}},"line":840},"50":{"name":"(anonymous_50)","decl":{"start":{"line":868,"column":21},"end":{"line":868,"column":22}},"loc":{"start":{"line":868,"column":49},"end":{"line":887,"column":1}},"line":868},"51":{"name":"(anonymous_51)","decl":{"start":{"line":875,"column":37},"end":{"line":875,"column":38}},"loc":{"start":{"line":875,"column":47},"end":{"line":879,"column":7}},"line":875}},"branchMap":{"0":{"loc":{"start":{"line":18,"column":2},"end":{"line":25,"column":3}},"type":"if","locations":[{"start":{"line":18,"column":2},"end":{"line":25,"column":3}},{"start":{"line":18,"column":2},"end":{"line":25,"column":3}}],"line":18},"1":{"loc":{"start":{"line":18,"column":6},"end":{"line":18,"column":51}},"type":"binary-expr","locations":[{"start":{"line":18,"column":6},"end":{"line":18,"column":32}},{"start":{"line":18,"column":36},"end":{"line":18,"column":51}}],"line":18},"2":{"loc":{"start":{"line":19,"column":4},"end":{"line":21,"column":5}},"type":"if","locations":[{"start":{"line":19,"column":4},"end":{"line":21,"column":5}},{"start":{"line":19,"column":4},"end":{"line":21,"column":5}}],"line":19},"3":{"loc":{"start":{"line":19,"column":8},"end":{"line":19,"column":75}},"type":"binary-expr","locations":[{"start":{"line":19,"column":8},"end":{"line":19,"column":45}},{"start":{"line":19,"column":49},"end":{"line":19,"column":75}}],"line":19},"4":{"loc":{"start":{"line":34,"column":21},"end":{"line":34,"column":45}},"type":"default-arg","locations":[{"start":{"line":34,"column":36},"end":{"line":34,"column":45}}],"line":34},"5":{"loc":{"start":{"line":36,"column":9},"end":{"line":38,"column":15}},"type":"cond-expr","locations":[{"start":{"line":37,"column":6},"end":{"line":37,"column":61}},{"start":{"line":38,"column":6},"end":{"line":38,"column":15}}],"line":36},"6":{"loc":{"start":{"line":58,"column":9},"end":{"line":58,"column":62}},"type":"cond-expr","locations":[{"start":{"line":58,"column":45},"end":{"line":58,"column":49}},{"start":{"line":58,"column":52},"end":{"line":58,"column":62}}],"line":58},"7":{"loc":{"start":{"line":88,"column":32},"end":{"line":88,"column":48}},"type":"default-arg","locations":[{"start":{"line":88,"column":46},"end":{"line":88,"column":48}}],"line":88},"8":{"loc":{"start":{"line":88,"column":50},"end":{"line":88,"column":65}},"type":"default-arg","locations":[{"start":{"line":88,"column":63},"end":{"line":88,"column":65}}],"line":88},"9":{"loc":{"start":{"line":91,"column":2},"end":{"line":93,"column":3}},"type":"if","locations":[{"start":{"line":91,"column":2},"end":{"line":93,"column":3}},{"start":{"line":91,"column":2},"end":{"line":93,"column":3}}],"line":91},"10":{"loc":{"start":{"line":96,"column":2},"end":{"line":109,"column":3}},"type":"if","locations":[{"start":{"line":96,"column":2},"end":{"line":109,"column":3}},{"start":{"line":96,"column":2},"end":{"line":109,"column":3}}],"line":96},"11":{"loc":{"start":{"line":101,"column":6},"end":{"line":106,"column":7}},"type":"if","locations":[{"start":{"line":101,"column":6},"end":{"line":106,"column":7}},{"start":{"line":101,"column":6},"end":{"line":106,"column":7}}],"line":101},"12":{"loc":{"start":{"line":103,"column":8},"end":{"line":105,"column":9}},"type":"if","locations":[{"start":{"line":103,"column":8},"end":{"line":105,"column":9}},{"start":{"line":103,"column":8},"end":{"line":105,"column":9}}],"line":103},"13":{"loc":{"start":{"line":121,"column":26},"end":{"line":121,"column":41}},"type":"default-arg","locations":[{"start":{"line":121,"column":39},"end":{"line":121,"column":41}}],"line":121},"14":{"loc":{"start":{"line":121,"column":43},"end":{"line":121,"column":58}},"type":"default-arg","locations":[{"start":{"line":121,"column":56},"end":{"line":121,"column":58}}],"line":121},"15":{"loc":{"start":{"line":128,"column":2},"end":{"line":136,"column":6}},"type":"binary-expr","locations":[{"start":{"line":128,"column":2},"end":{"line":128,"column":25}},{"start":{"line":129,"column":4},"end":{"line":136,"column":6}}],"line":128},"16":{"loc":{"start":{"line":134,"column":8},"end":{"line":134,"column":50}},"type":"cond-expr","locations":[{"start":{"line":134,"column":25},"end":{"line":134,"column":39}},{"start":{"line":134,"column":42},"end":{"line":134,"column":50}}],"line":134},"17":{"loc":{"start":{"line":158,"column":28},"end":{"line":158,"column":38}},"type":"default-arg","locations":[{"start":{"line":158,"column":37},"end":{"line":158,"column":38}}],"line":158},"18":{"loc":{"start":{"line":158,"column":40},"end":{"line":158,"column":50}},"type":"default-arg","locations":[{"start":{"line":158,"column":48},"end":{"line":158,"column":50}}],"line":158},"19":{"loc":{"start":{"line":186,"column":6},"end":{"line":186,"column":24}},"type":"if","locations":[{"start":{"line":186,"column":6},"end":{"line":186,"column":24}},{"start":{"line":186,"column":6},"end":{"line":186,"column":24}}],"line":186},"20":{"loc":{"start":{"line":188,"column":6},"end":{"line":195,"column":7}},"type":"if","locations":[{"start":{"line":188,"column":6},"end":{"line":195,"column":7}},{"start":{"line":188,"column":6},"end":{"line":195,"column":7}}],"line":188},"21":{"loc":{"start":{"line":202,"column":4},"end":{"line":211,"column":5}},"type":"if","locations":[{"start":{"line":202,"column":4},"end":{"line":211,"column":5}},{"start":{"line":202,"column":4},"end":{"line":211,"column":5}}],"line":202},"22":{"loc":{"start":{"line":203,"column":6},"end":{"line":205,"column":30}},"type":"binary-expr","locations":[{"start":{"line":203,"column":6},"end":{"line":203,"column":29}},{"start":{"line":204,"column":6},"end":{"line":204,"column":29}},{"start":{"line":205,"column":6},"end":{"line":205,"column":30}}],"line":203},"23":{"loc":{"start":{"line":207,"column":13},"end":{"line":207,"column":55}},"type":"binary-expr","locations":[{"start":{"line":207,"column":13},"end":{"line":207,"column":28}},{"start":{"line":207,"column":32},"end":{"line":207,"column":55}}],"line":207},"24":{"loc":{"start":{"line":208,"column":11},"end":{"line":211,"column":5}},"type":"if","locations":[{"start":{"line":208,"column":11},"end":{"line":211,"column":5}},{"start":{"line":208,"column":11},"end":{"line":211,"column":5}}],"line":208},"25":{"loc":{"start":{"line":208,"column":15},"end":{"line":208,"column":54}},"type":"binary-expr","locations":[{"start":{"line":208,"column":15},"end":{"line":208,"column":38}},{"start":{"line":208,"column":42},"end":{"line":208,"column":54}}],"line":208},"26":{"loc":{"start":{"line":235,"column":50},"end":{"line":235,"column":60}},"type":"default-arg","locations":[{"start":{"line":235,"column":58},"end":{"line":235,"column":60}}],"line":235},"27":{"loc":{"start":{"line":242,"column":56},"end":{"line":242,"column":66}},"type":"default-arg","locations":[{"start":{"line":242,"column":64},"end":{"line":242,"column":66}}],"line":242},"28":{"loc":{"start":{"line":249,"column":11},"end":{"line":251,"column":15}},"type":"cond-expr","locations":[{"start":{"line":250,"column":14},"end":{"line":250,"column":38}},{"start":{"line":251,"column":14},"end":{"line":251,"column":15}}],"line":249},"29":{"loc":{"start":{"line":252,"column":8},"end":{"line":264,"column":9}},"type":"if","locations":[{"start":{"line":252,"column":8},"end":{"line":264,"column":9}},{"start":{"line":252,"column":8},"end":{"line":264,"column":9}}],"line":252},"30":{"loc":{"start":{"line":283,"column":41},"end":{"line":283,"column":51}},"type":"default-arg","locations":[{"start":{"line":283,"column":49},"end":{"line":283,"column":51}}],"line":283},"31":{"loc":{"start":{"line":284,"column":2},"end":{"line":286,"column":3}},"type":"if","locations":[{"start":{"line":284,"column":2},"end":{"line":286,"column":3}},{"start":{"line":284,"column":2},"end":{"line":286,"column":3}}],"line":284},"32":{"loc":{"start":{"line":284,"column":6},"end":{"line":284,"column":67}},"type":"binary-expr","locations":[{"start":{"line":284,"column":6},"end":{"line":284,"column":40}},{"start":{"line":284,"column":44},"end":{"line":284,"column":67}}],"line":284},"33":{"loc":{"start":{"line":287,"column":2},"end":{"line":289,"column":3}},"type":"if","locations":[{"start":{"line":287,"column":2},"end":{"line":289,"column":3}},{"start":{"line":287,"column":2},"end":{"line":289,"column":3}}],"line":287},"34":{"loc":{"start":{"line":291,"column":2},"end":{"line":293,"column":3}},"type":"if","locations":[{"start":{"line":291,"column":2},"end":{"line":293,"column":3}},{"start":{"line":291,"column":2},"end":{"line":293,"column":3}}],"line":291},"35":{"loc":{"start":{"line":291,"column":6},"end":{"line":291,"column":49}},"type":"binary-expr","locations":[{"start":{"line":291,"column":6},"end":{"line":291,"column":31}},{"start":{"line":291,"column":35},"end":{"line":291,"column":49}}],"line":291},"36":{"loc":{"start":{"line":298,"column":4},"end":{"line":302,"column":5}},"type":"if","locations":[{"start":{"line":298,"column":4},"end":{"line":302,"column":5}},{"start":{"line":298,"column":4},"end":{"line":302,"column":5}}],"line":298},"37":{"loc":{"start":{"line":304,"column":2},"end":{"line":313,"column":3}},"type":"if","locations":[{"start":{"line":304,"column":2},"end":{"line":313,"column":3}},{"start":{"line":304,"column":2},"end":{"line":313,"column":3}}],"line":304},"38":{"loc":{"start":{"line":306,"column":9},"end":{"line":313,"column":3}},"type":"if","locations":[{"start":{"line":306,"column":9},"end":{"line":313,"column":3}},{"start":{"line":306,"column":9},"end":{"line":313,"column":3}}],"line":306},"39":{"loc":{"start":{"line":307,"column":4},"end":{"line":308,"column":61}},"type":"binary-expr","locations":[{"start":{"line":307,"column":4},"end":{"line":307,"column":48}},{"start":{"line":308,"column":4},"end":{"line":308,"column":61}}],"line":307},"40":{"loc":{"start":{"line":322,"column":29},"end":{"line":322,"column":45}},"type":"default-arg","locations":[{"start":{"line":322,"column":43},"end":{"line":322,"column":45}}],"line":322},"41":{"loc":{"start":{"line":325,"column":2},"end":{"line":327,"column":3}},"type":"if","locations":[{"start":{"line":325,"column":2},"end":{"line":327,"column":3}},{"start":{"line":325,"column":2},"end":{"line":327,"column":3}}],"line":325},"42":{"loc":{"start":{"line":325,"column":6},"end":{"line":325,"column":61}},"type":"binary-expr","locations":[{"start":{"line":325,"column":6},"end":{"line":325,"column":37}},{"start":{"line":325,"column":41},"end":{"line":325,"column":61}}],"line":325},"43":{"loc":{"start":{"line":329,"column":2},"end":{"line":331,"column":3}},"type":"if","locations":[{"start":{"line":329,"column":2},"end":{"line":331,"column":3}},{"start":{"line":329,"column":2},"end":{"line":331,"column":3}}],"line":329},"44":{"loc":{"start":{"line":333,"column":2},"end":{"line":337,"column":3}},"type":"if","locations":[{"start":{"line":333,"column":2},"end":{"line":337,"column":3}},{"start":{"line":333,"column":2},"end":{"line":337,"column":3}}],"line":333},"45":{"loc":{"start":{"line":339,"column":2},"end":{"line":349,"column":3}},"type":"if","locations":[{"start":{"line":339,"column":2},"end":{"line":349,"column":3}},{"start":{"line":339,"column":2},"end":{"line":349,"column":3}}],"line":339},"46":{"loc":{"start":{"line":341,"column":9},"end":{"line":349,"column":3}},"type":"if","locations":[{"start":{"line":341,"column":9},"end":{"line":349,"column":3}},{"start":{"line":341,"column":9},"end":{"line":349,"column":3}}],"line":341},"47":{"loc":{"start":{"line":343,"column":4},"end":{"line":344,"column":61}},"type":"binary-expr","locations":[{"start":{"line":343,"column":4},"end":{"line":343,"column":48}},{"start":{"line":344,"column":4},"end":{"line":344,"column":61}}],"line":343},"48":{"loc":{"start":{"line":372,"column":2},"end":{"line":372,"column":39}},"type":"default-arg","locations":[{"start":{"line":372,"column":27},"end":{"line":372,"column":39}}],"line":372},"49":{"loc":{"start":{"line":376,"column":4},"end":{"line":378,"column":5}},"type":"if","locations":[{"start":{"line":376,"column":4},"end":{"line":378,"column":5}},{"start":{"line":376,"column":4},"end":{"line":378,"column":5}}],"line":376},"50":{"loc":{"start":{"line":393,"column":6},"end":{"line":406,"column":7}},"type":"if","locations":[{"start":{"line":393,"column":6},"end":{"line":406,"column":7}},{"start":{"line":393,"column":6},"end":{"line":406,"column":7}}],"line":393},"51":{"loc":{"start":{"line":394,"column":8},"end":{"line":403,"column":9}},"type":"switch","locations":[{"start":{"line":395,"column":10},"end":{"line":396,"column":18}},{"start":{"line":397,"column":10},"end":{"line":398,"column":36}},{"start":{"line":399,"column":10},"end":{"line":400,"column":27}},{"start":{"line":401,"column":10},"end":{"line":402,"column":27}}],"line":394},"52":{"loc":{"start":{"line":416,"column":4},"end":{"line":422,"column":5}},"type":"if","locations":[{"start":{"line":416,"column":4},"end":{"line":422,"column":5}},{"start":{"line":416,"column":4},"end":{"line":422,"column":5}}],"line":416},"53":{"loc":{"start":{"line":417,"column":6},"end":{"line":419,"column":30}},"type":"binary-expr","locations":[{"start":{"line":417,"column":6},"end":{"line":417,"column":43}},{"start":{"line":418,"column":6},"end":{"line":418,"column":40}},{"start":{"line":419,"column":6},"end":{"line":419,"column":30}}],"line":417},"54":{"loc":{"start":{"line":436,"column":2},"end":{"line":589,"column":3}},"type":"if","locations":[{"start":{"line":436,"column":2},"end":{"line":589,"column":3}},{"start":{"line":436,"column":2},"end":{"line":589,"column":3}}],"line":436},"55":{"loc":{"start":{"line":438,"column":4},"end":{"line":502,"column":5}},"type":"if","locations":[{"start":{"line":438,"column":4},"end":{"line":502,"column":5}},{"start":{"line":438,"column":4},"end":{"line":502,"column":5}}],"line":438},"56":{"loc":{"start":{"line":440,"column":6},"end":{"line":450,"column":7}},"type":"if","locations":[{"start":{"line":440,"column":6},"end":{"line":450,"column":7}},{"start":{"line":440,"column":6},"end":{"line":450,"column":7}}],"line":440},"57":{"loc":{"start":{"line":455,"column":8},"end":{"line":461,"column":15}},"type":"cond-expr","locations":[{"start":{"line":457,"column":12},"end":{"line":457,"column":36}},{"start":{"line":458,"column":12},"end":{"line":461,"column":15}}],"line":455},"58":{"loc":{"start":{"line":455,"column":8},"end":{"line":456,"column":56}},"type":"binary-expr","locations":[{"start":{"line":455,"column":8},"end":{"line":455,"column":55}},{"start":{"line":456,"column":8},"end":{"line":456,"column":56}}],"line":455},"59":{"loc":{"start":{"line":458,"column":12},"end":{"line":461,"column":15}},"type":"cond-expr","locations":[{"start":{"line":460,"column":12},"end":{"line":460,"column":28}},{"start":{"line":461,"column":12},"end":{"line":461,"column":15}}],"line":458},"60":{"loc":{"start":{"line":458,"column":12},"end":{"line":459,"column":52}},"type":"binary-expr","locations":[{"start":{"line":458,"column":12},"end":{"line":458,"column":49}},{"start":{"line":459,"column":12},"end":{"line":459,"column":52}}],"line":458},"61":{"loc":{"start":{"line":464,"column":8},"end":{"line":467,"column":31}},"type":"cond-expr","locations":[{"start":{"line":466,"column":12},"end":{"line":466,"column":39}},{"start":{"line":467,"column":12},"end":{"line":467,"column":31}}],"line":464},"62":{"loc":{"start":{"line":464,"column":8},"end":{"line":465,"column":46}},"type":"binary-expr","locations":[{"start":{"line":464,"column":8},"end":{"line":464,"column":58}},{"start":{"line":465,"column":8},"end":{"line":465,"column":46}}],"line":464},"63":{"loc":{"start":{"line":470,"column":8},"end":{"line":473,"column":16}},"type":"cond-expr","locations":[{"start":{"line":472,"column":12},"end":{"line":472,"column":40}},{"start":{"line":473,"column":12},"end":{"line":473,"column":16}}],"line":470},"64":{"loc":{"start":{"line":470,"column":8},"end":{"line":471,"column":47}},"type":"binary-expr","locations":[{"start":{"line":470,"column":8},"end":{"line":470,"column":59}},{"start":{"line":471,"column":8},"end":{"line":471,"column":47}}],"line":470},"65":{"loc":{"start":{"line":476,"column":6},"end":{"line":481,"column":7}},"type":"if","locations":[{"start":{"line":476,"column":6},"end":{"line":481,"column":7}},{"start":{"line":476,"column":6},"end":{"line":481,"column":7}}],"line":476},"66":{"loc":{"start":{"line":483,"column":6},"end":{"line":501,"column":7}},"type":"if","locations":[{"start":{"line":483,"column":6},"end":{"line":501,"column":7}},{"start":{"line":483,"column":6},"end":{"line":501,"column":7}}],"line":483},"67":{"loc":{"start":{"line":485,"column":10},"end":{"line":499,"column":11}},"type":"if","locations":[{"start":{"line":485,"column":10},"end":{"line":499,"column":11}},{"start":{"line":485,"column":10},"end":{"line":499,"column":11}}],"line":485},"68":{"loc":{"start":{"line":485,"column":14},"end":{"line":485,"column":55}},"type":"binary-expr","locations":[{"start":{"line":485,"column":14},"end":{"line":485,"column":38}},{"start":{"line":485,"column":42},"end":{"line":485,"column":55}}],"line":485},"69":{"loc":{"start":{"line":495,"column":17},"end":{"line":499,"column":11}},"type":"if","locations":[{"start":{"line":495,"column":17},"end":{"line":499,"column":11}},{"start":{"line":495,"column":17},"end":{"line":499,"column":11}}],"line":495},"70":{"loc":{"start":{"line":495,"column":21},"end":{"line":495,"column":64}},"type":"binary-expr","locations":[{"start":{"line":495,"column":21},"end":{"line":495,"column":45}},{"start":{"line":495,"column":49},"end":{"line":495,"column":64}}],"line":495},"71":{"loc":{"start":{"line":505,"column":4},"end":{"line":510,"column":5}},"type":"if","locations":[{"start":{"line":505,"column":4},"end":{"line":510,"column":5}},{"start":{"line":505,"column":4},"end":{"line":510,"column":5}}],"line":505},"72":{"loc":{"start":{"line":506,"column":6},"end":{"line":507,"column":44}},"type":"binary-expr","locations":[{"start":{"line":506,"column":6},"end":{"line":506,"column":56}},{"start":{"line":507,"column":6},"end":{"line":507,"column":44}}],"line":506},"73":{"loc":{"start":{"line":516,"column":4},"end":{"line":534,"column":5}},"type":"if","locations":[{"start":{"line":516,"column":4},"end":{"line":534,"column":5}},{"start":{"line":516,"column":4},"end":{"line":534,"column":5}}],"line":516},"74":{"loc":{"start":{"line":519,"column":8},"end":{"line":521,"column":9}},"type":"if","locations":[{"start":{"line":519,"column":8},"end":{"line":521,"column":9}},{"start":{"line":519,"column":8},"end":{"line":521,"column":9}}],"line":519},"75":{"loc":{"start":{"line":519,"column":12},"end":{"line":519,"column":69}},"type":"binary-expr","locations":[{"start":{"line":519,"column":12},"end":{"line":519,"column":37}},{"start":{"line":519,"column":41},"end":{"line":519,"column":69}}],"line":519},"76":{"loc":{"start":{"line":530,"column":11},"end":{"line":534,"column":5}},"type":"if","locations":[{"start":{"line":530,"column":11},"end":{"line":534,"column":5}},{"start":{"line":530,"column":11},"end":{"line":534,"column":5}}],"line":530},"77":{"loc":{"start":{"line":538,"column":6},"end":{"line":542,"column":29}},"type":"cond-expr","locations":[{"start":{"line":539,"column":10},"end":{"line":539,"column":23}},{"start":{"line":540,"column":10},"end":{"line":542,"column":29}}],"line":538},"78":{"loc":{"start":{"line":538,"column":6},"end":{"line":538,"column":68}},"type":"binary-expr","locations":[{"start":{"line":538,"column":6},"end":{"line":538,"column":40}},{"start":{"line":538,"column":44},"end":{"line":538,"column":68}}],"line":538},"79":{"loc":{"start":{"line":540,"column":10},"end":{"line":542,"column":29}},"type":"cond-expr","locations":[{"start":{"line":541,"column":10},"end":{"line":541,"column":31}},{"start":{"line":542,"column":10},"end":{"line":542,"column":29}}],"line":540},"80":{"loc":{"start":{"line":540,"column":10},"end":{"line":540,"column":76}},"type":"binary-expr","locations":[{"start":{"line":540,"column":10},"end":{"line":540,"column":31}},{"start":{"line":540,"column":35},"end":{"line":540,"column":76}}],"line":540},"81":{"loc":{"start":{"line":546,"column":6},"end":{"line":548,"column":14}},"type":"cond-expr","locations":[{"start":{"line":547,"column":10},"end":{"line":547,"column":24}},{"start":{"line":548,"column":10},"end":{"line":548,"column":14}}],"line":546},"82":{"loc":{"start":{"line":546,"column":6},"end":{"line":546,"column":70}},"type":"binary-expr","locations":[{"start":{"line":546,"column":6},"end":{"line":546,"column":41}},{"start":{"line":546,"column":45},"end":{"line":546,"column":70}}],"line":546},"83":{"loc":{"start":{"line":552,"column":6},"end":{"line":567,"column":12}},"type":"cond-expr","locations":[{"start":{"line":553,"column":10},"end":{"line":566,"column":16}},{"start":{"line":567,"column":10},"end":{"line":567,"column":12}}],"line":552},"84":{"loc":{"start":{"line":552,"column":6},"end":{"line":552,"column":69}},"type":"binary-expr","locations":[{"start":{"line":552,"column":6},"end":{"line":552,"column":37}},{"start":{"line":552,"column":41},"end":{"line":552,"column":69}}],"line":552},"85":{"loc":{"start":{"line":554,"column":12},"end":{"line":565,"column":13}},"type":"if","locations":[{"start":{"line"
[...]
:209,"column":15},"end":{"line":209,"column":44}},"22":{"start":{"line":210,"column":27},"end":{"line":247,"column":5}},"23":{"start":{"line":248,"column":4},"end":{"line":248,"column":48}},"24":{"start":{"line":249,"column":21},"end":{"line":249,"column":50}},"25":{"start":{"line":250,"column":4},"end":{"line":250,"column":20}},"26":{"start":{"line":252,"column":4},"end":{"line":252,"column":34}},"27":{"start":{"line":264,"column":20},"end":{"line":287,"column":1}},"28":{"start":{"line":269,"column":2},"end":{"line":286,"column":3}},"29":{"start":{"line":270,"column":15},"end":{"line":270,"column":44}},"30":{"start":{"line":271,"column":27},"end":{"line":280,"column":5}},"31":{"start":{"line":281,"column":4},"end":{"line":281,"column":48}},"32":{"start":{"line":282,"column":21},"end":{"line":282,"column":50}},"33":{"start":{"line":283,"column":4},"end":{"line":283,"column":20}},"34":{"start":{"line":285,"column":4},"end":{"line":285,"column":34}},"35":{"start":{"line":298,"column":23},"end":{"line":322,"column":1}},"36":{"start":{"line":304,"column":2},"end":{"line":321,"column":3}},"37":{"start":{"line":305,"column":15},"end":{"line":305,"column":44}},"38":{"start":{"line":306,"column":27},"end":{"line":315,"column":5}},"39":{"start":{"line":316,"column":4},"end":{"line":316,"column":48}},"40":{"start":{"line":317,"column":21},"end":{"line":317,"column":50}},"41":{"start":{"line":318,"column":4},"end":{"line":318,"column":20}},"42":{"start":{"line":320,"column":4},"end":{"line":320,"column":34}},"43":{"start":{"line":332,"column":17},"end":{"line":355,"column":1}},"44":{"start":{"line":337,"column":2},"end":{"line":354,"column":3}},"45":{"start":{"line":338,"column":15},"end":{"line":338,"column":44}},"46":{"start":{"line":339,"column":27},"end":{"line":348,"column":5}},"47":{"start":{"line":349,"column":4},"end":{"line":349,"column":48}},"48":{"start":{"line":350,"column":21},"end":{"line":350,"column":50}},"49":{"start":{"line":351,"column":4},"end":{"line":351,"column":20}},"50":{"start":{"line":353,"column":4},"end":{"line":353,"column":34}},"51":{"start":{"line":365,"column":25},"end":{"line":388,"column":1}},"52":{"start":{"line":370,"column":2},"end":{"line":387,"column":3}},"53":{"start":{"line":371,"column":15},"end":{"line":371,"column":44}},"54":{"start":{"line":372,"column":27},"end":{"line":381,"column":5}},"55":{"start":{"line":382,"column":4},"end":{"line":382,"column":48}},"56":{"start":{"line":383,"column":21},"end":{"line":383,"column":50}},"57":{"start":{"line":384,"column":4},"end":{"line":384,"column":20}},"58":{"start":{"line":386,"column":4},"end":{"line":386,"column":34}},"59":{"start":{"line":399,"column":20},"end":{"line":423,"column":1}},"60":{"start":{"line":405,"column":2},"end":{"line":422,"column":3}},"61":{"start":{"line":406,"column":15},"end":{"line":406,"column":44}},"62":{"start":{"line":407,"column":27},"end":{"line":416,"column":5}},"63":{"start":{"line":417,"column":4},"end":{"line":417,"column":48}},"64":{"start":{"line":418,"column":21},"end":{"line":418,"column":50}},"65":{"start":{"line":419,"column":4},"end":{"line":419,"column":20}},"66":{"start":{"line":421,"column":4},"end":{"line":421,"column":34}},"67":{"start":{"line":432,"column":24},"end":{"line":454,"column":1}},"68":{"start":{"line":436,"column":2},"end":{"line":453,"column":3}},"69":{"start":{"line":437,"column":15},"end":{"line":437,"column":44}},"70":{"start":{"line":438,"column":27},"end":{"line":447,"column":5}},"71":{"start":{"line":448,"column":4},"end":{"line":448,"column":48}},"72":{"start":{"line":449,"column":21},"end":{"line":449,"column":50}},"73":{"start":{"line":450,"column":4},"end":{"line":450,"column":20}},"74":{"start":{"line":452,"column":4},"end":{"line":452,"column":34}},"75":{"start":{"line":464,"column":22},"end":{"line":487,"column":1}},"76":{"start":{"line":469,"column":2},"end":{"line":486,"column":3}},"77":{"start":{"line":470,"column":15},"end":{"line":470,"column":44}},"78":{"start":{"line":471,"column":27},"end":{"line":480,"column":5}},"79":{"start":{"line":481,"column":4},"end":{"line":481,"column":48}},"80":{"start":{"line":482,"column":21},"end":{"line":482,"column":50}},"81":{"start":{"line":483,"column":4},"end":{"line":483,"column":20}},"82":{"start":{"line":485,"column":4},"end":{"line":485,"column":34}},"83":{"start":{"line":499,"column":30},"end":{"line":527,"column":1}},"84":{"start":{"line":506,"column":2},"end":{"line":526,"column":3}},"85":{"start":{"line":507,"column":15},"end":{"line":507,"column":44}},"86":{"start":{"line":508,"column":27},"end":{"line":520,"column":5}},"87":{"start":{"line":521,"column":4},"end":{"line":521,"column":48}},"88":{"start":{"line":522,"column":21},"end":{"line":522,"column":50}},"89":{"start":{"line":523,"column":4},"end":{"line":523,"column":20}},"90":{"start":{"line":525,"column":4},"end":{"line":525,"column":34}},"91":{"start":{"line":564,"column":23},"end":{"line":642,"column":1}},"92":{"start":{"line":596,"column":2},"end":{"line":641,"column":3}},"93":{"start":{"line":597,"column":15},"end":{"line":597,"column":44}},"94":{"start":{"line":598,"column":27},"end":{"line":635,"column":5}},"95":{"start":{"line":636,"column":4},"end":{"line":636,"column":48}},"96":{"start":{"line":637,"column":21},"end":{"line":637,"column":50}},"97":{"start":{"line":638,"column":4},"end":{"line":638,"column":20}},"98":{"start":{"line":640,"column":4},"end":{"line":640,"column":34}},"99":{"start":{"line":644,"column":0},"end":{"line":657,"column":2}}},"fnMap":{"0":{"name":"(anonymous_0)","decl":{"start":{"line":17,"column":28},"end":{"line":17,"column":29}},"loc":{"start":{"line":23,"column":5},"end":{"line":45,"column":1}},"line":23},"1":{"name":"(anonymous_1)","decl":{"start":{"line":75,"column":20},"end":{"line":75,"column":21}},"loc":{"start":{"line":99,"column":5},"end":{"line":141,"column":1}},"line":99},"2":{"name":"(anonymous_2)","decl":{"start":{"line":177,"column":23},"end":{"line":177,"column":24}},"loc":{"start":{"line":207,"column":5},"end":{"line":254,"column":1}},"line":207},"3":{"name":"(anonymous_3)","decl":{"start":{"line":264,"column":20},"end":{"line":264,"column":21}},"loc":{"start":{"line":268,"column":5},"end":{"line":287,"column":1}},"line":268},"4":{"name":"(anonymous_4)","decl":{"start":{"line":298,"column":23},"end":{"line":298,"column":24}},"loc":{"start":{"line":303,"column":5},"end":{"line":322,"column":1}},"line":303},"5":{"name":"(anonymous_5)","decl":{"start":{"line":332,"column":17},"end":{"line":332,"column":18}},"loc":{"start":{"line":336,"column":5},"end":{"line":355,"column":1}},"line":336},"6":{"name":"(anonymous_6)","decl":{"start":{"line":365,"column":25},"end":{"line":365,"column":26}},"loc":{"start":{"line":369,"column":5},"end":{"line":388,"column":1}},"line":369},"7":{"name":"(anonymous_7)","decl":{"start":{"line":399,"column":20},"end":{"line":399,"column":21}},"loc":{"start":{"line":404,"column":5},"end":{"line":423,"column":1}},"line":404},"8":{"name":"(anonymous_8)","decl":{"start":{"line":432,"column":24},"end":{"line":432,"column":25}},"loc":{"start":{"line":435,"column":5},"end":{"line":454,"column":1}},"line":435},"9":{"name":"(anonymous_9)","decl":{"start":{"line":464,"column":22},"end":{"line":464,"column":23}},"loc":{"start":{"line":468,"column":5},"end":{"line":487,"column":1}},"line":468},"10":{"name":"(anonymous_10)","decl":{"start":{"line":499,"column":30},"end":{"line":499,"column":31}},"loc":{"start":{"line":505,"column":5},"end":{"line":527,"column":1}},"line":505},"11":{"name":"(anonymous_11)","decl":{"start":{"line":564,"column":23},"end":{"line":564,"column":24}},"loc":{"start":{"line":595,"column":5},"end":{"line":642,"column":1}},"line":595}},"branchMap":{"0":{"loc":{"start":{"line":18,"column":2},"end":{"line":18,"column":34}},"type":"default-arg","locations":[{"start":{"line":18,"column":16},"end":{"line":18,"column":34}}],"line":18},"1":{"loc":{"start":{"line":19,"column":2},"end":{"line":19,"column":34}},"type":"default-arg","locations":[{"start":{"line":19,"column":16},"end":{"line":19,"column":34}}],"line":19},"2":{"loc":{"start":{"line":20,"column":2},"end":{"line":20,"column":17}},"type":"default-arg","locations":[{"start":{"line":20,"column":15},"end":{"line":20,"column":17}}],"line":20},"3":{"loc":{"start":{"line":22,"column":2},"end":{"line":22,"column":12}},"type":"default-arg","locations":[{"start":{"line":22,"column":10},"end":{"line":22,"column":12}}],"line":22},"4":{"loc":{"start":{"line":76,"column":2},"end":{"line":76,"column":34}},"type":"default-arg","locations":[{"start":{"line":76,"column":16},"end":{"line":76,"column":34}}],"line":76},"5":{"loc":{"start":{"line":77,"column":2},"end":{"line":77,"column":34}},"type":"default-arg","locations":[{"start":{"line":77,"column":16},"end":{"line":77,"column":34}}],"line":77},"6":{"loc":{"start":{"line":81,"column":2},"end":{"line":81,"column":28}},"type":"default-arg","locations":[{"start":{"line":81,"column":24},"end":{"line":81,"column":28}}],"line":81},"7":{"loc":{"start":{"line":83,"column":2},"end":{"line":83,"column":21}},"type":"default-arg","locations":[{"start":{"line":83,"column":17},"end":{"line":83,"column":21}}],"line":83},"8":{"loc":{"start":{"line":98,"column":2},"end":{"line":98,"column":12}},"type":"default-arg","locations":[{"start":{"line":98,"column":10},"end":{"line":98,"column":12}}],"line":98},"9":{"loc":{"start":{"line":178,"column":2},"end":{"line":178,"column":34}},"type":"default-arg","locations":[{"start":{"line":178,"column":16},"end":{"line":178,"column":34}}],"line":178},"10":{"loc":{"start":{"line":179,"column":2},"end":{"line":179,"column":34}},"type":"default-arg","locations":[{"start":{"line":179,"column":16},"end":{"line":179,"column":34}}],"line":179},"11":{"loc":{"start":{"line":194,"column":2},"end":{"line":194,"column":20}},"type":"default-arg","locations":[{"start":{"line":194,"column":18},"end":{"line":194,"column":20}}],"line":194},"12":{"loc":{"start":{"line":195,"column":2},"end":{"line":195,"column":209}},"type":"default-arg","locations":[{"start":{"line":195,"column":16},"end":{"line":195,"column":209}}],"line":195},"13":{"loc":{"start":{"line":196,"column":2},"end":{"line":196,"column":20}},"type":"default-arg","locations":[{"start":{"line":196,"column":16},"end":{"line":196,"column":20}}],"line":196},"14":{"loc":{"start":{"line":197,"column":2},"end":{"line":197,"column":17}},"type":"default-arg","locations":[{"start":{"line":197,"column":13},"end":{"line":197,"column":17}}],"line":197},"15":{"loc":{"start":{"line":198,"column":2},"end":{"line":198,"column":25}},"type":"default-arg","locations":[{"start":{"line":198,"column":18},"end":{"line":198,"column":25}}],"line":198},"16":{"loc":{"start":{"line":199,"column":2},"end":{"line":199,"column":117}},"type":"default-arg","locations":[{"start":{"line":199,"column":17},"end":{"line":199,"column":117}}],"line":199},"17":{"loc":{"start":{"line":200,"column":2},"end":{"line":200,"column":18}},"type":"default-arg","locations":[{"start":{"line":200,"column":14},"end":{"line":200,"column":18}}],"line":200},"18":{"loc":{"start":{"line":201,"column":2},"end":{"line":201,"column":25}},"type":"default-arg","locations":[{"start":{"line":201,"column":19},"end":{"line":201,"column":25}}],"line":201},"19":{"loc":{"start":{"line":202,"column":2},"end":{"line":202,"column":139}},"type":"default-arg","locations":[{"start":{"line":202,"column":18},"end":{"line":202,"column":139}}],"line":202},"20":{"loc":{"start":{"line":203,"column":2},"end":{"line":203,"column":16}},"type":"default-arg","locations":[{"start":{"line":203,"column":12},"end":{"line":203,"column":16}}],"line":203},"21":{"loc":{"start":{"line":204,"column":2},"end":{"line":204,"column":23}},"type":"default-arg","locations":[{"start":{"line":204,"column":17},"end":{"line":204,"column":23}}],"line":204},"22":{"loc":{"start":{"line":205,"column":2},"end":{"line":205,"column":91}},"type":"default-arg","locations":[{"start":{"line":205,"column":16},"end":{"line":205,"column":91}}],"line":205},"23":{"loc":{"start":{"line":206,"column":2},"end":{"line":206,"column":12}},"type":"default-arg","locations":[{"start":{"line":206,"column":10},"end":{"line":206,"column":12}}],"line":206},"24":{"loc":{"start":{"line":265,"column":2},"end":{"line":265,"column":34}},"type":"default-arg","locations":[{"start":{"line":265,"column":16},"end":{"line":265,"column":34}}],"line":265},"25":{"loc":{"start":{"line":267,"column":2},"end":{"line":267,"column":12}},"type":"default-arg","locations":[{"start":{"line":267,"column":10},"end":{"line":267,"column":12}}],"line":267},"26":{"loc":{"start":{"line":299,"column":2},"end":{"line":299,"column":34}},"type":"default-arg","locations":[{"start":{"line":299,"column":16},"end":{"line":299,"column":34}}],"line":299},"27":{"loc":{"start":{"line":302,"column":2},"end":{"line":302,"column":12}},"type":"default-arg","locations":[{"start":{"line":302,"column":10},"end":{"line":302,"column":12}}],"line":302},"28":{"loc":{"start":{"line":333,"column":2},"end":{"line":333,"column":34}},"type":"default-arg","locations":[{"start":{"line":333,"column":16},"end":{"line":333,"column":34}}],"line":333},"29":{"loc":{"start":{"line":335,"column":2},"end":{"line":335,"column":12}},"type":"default-arg","locations":[{"start":{"line":335,"column":10},"end":{"line":335,"column":12}}],"line":335},"30":{"loc":{"start":{"line":366,"column":2},"end":{"line":366,"column":34}},"type":"default-arg","locations":[{"start":{"line":366,"column":16},"end":{"line":366,"column":34}}],"line":366},"31":{"loc":{"start":{"line":368,"column":2},"end":{"line":368,"column":12}},"type":"default-arg","locations":[{"start":{"line":368,"column":10},"end":{"line":368,"column":12}}],"line":368},"32":{"loc":{"start":{"line":400,"column":2},"end":{"line":400,"column":34}},"type":"default-arg","locations":[{"start":{"line":400,"column":16},"end":{"line":400,"column":34}}],"line":400},"33":{"loc":{"start":{"line":403,"column":2},"end":{"line":403,"column":12}},"type":"default-arg","locations":[{"start":{"line":403,"column":10},"end":{"line":403,"column":12}}],"line":403},"34":{"loc":{"start":{"line":433,"column":2},"end":{"line":433,"column":34}},"type":"default-arg","locations":[{"start":{"line":433,"column":16},"end":{"line":433,"column":34}}],"line":433},"35":{"loc":{"start":{"line":434,"column":2},"end":{"line":434,"column":12}},"type":"default-arg","locations":[{"start":{"line":434,"column":10},"end":{"line":434,"column":12}}],"line":434},"36":{"loc":{"start":{"line":465,"column":2},"end":{"line":465,"column":34}},"type":"default-arg","locations":[{"start":{"line":465,"column":16},"end":{"line":465,"column":34}}],"line":465},"37":{"loc":{"start":{"line":467,"column":2},"end":{"line":467,"column":12}},"type":"default-arg","locations":[{"start":{"line":467,"column":10},"end":{"line":467,"column":12}}],"line":467},"38":{"loc":{"start":{"line":500,"column":2},"end":{"line":500,"column":34}},"type":"default-arg","locations":[{"start":{"line":500,"column":16},"end":{"line":500,"column":34}}],"line":500},"39":{"loc":{"start":{"line":501,"column":2},"end":{"line":501,"column":34}},"type":"default-arg","locations":[{"start":{"line":501,"column":16},"end":{"line":501,"column":34}}],"line":501},"40":{"loc":{"start":{"line":502,"column":2},"end":{"line":502,"column":32}},"type":"default-arg","locations":[{"start":{"line":502,"column":15},"end":{"line":502,"column":32}}],"line":502},"41":{"loc":{"start":{"line":504,"column":2},"end":{"line":504,"column":12}},"type":"default-arg","locations":[{"start":{"line":504,"column":10},"end":{"line":504,"column":12}}],"line":504},"42":{"loc":{"start":{"line":565,"column":2},"end":{"line":565,"column":34}},"type":"default-arg","locations":[{"start":{"line":565,"column":16},"end":{"line":565,"column":34}}],"line":565},"43":{"loc":{"start":{"line":566,"column":2},"end":{"line":566,"column":34}},"type":"default-arg","locations":[{"start":{"line":566,"column":16},"end":{"line":566,"column":34}}],"line":566},"44":{"loc":{"start":{"line":567,"column":2},"end":{"line":567,"column":32}},"type":"default-arg","locations":[{"start":{"line":567,"column":15},"end":{"line":567,"column":32}}],"line":567},"45":{"loc":{"start":{"line":583,"column":2},"end":{"line":583,"column":209}},"type":"default-arg","locations":[{"start":{"line":583,"column":16},"end":{"line":583,"column":209}}],"line":583},"46":{"loc":{"start":{"line":584,"column":2},"end":{"line":584,"column":20}},"type":"default-arg","locations":[{"start":{"line":584,"column":16},"end":{"line":584,"column":20}}],"line":584},"47":{"loc":{"start":{"line":585,"column":2},"end":{"line":585,"column":17}},"type":"default-arg","locations":[{"start":{"line":585,"column":13},"end":{"line":585,"column":17}}],"line":585},"48":{"loc":{"start":{"line":586,"column":2},"end":{"line":586,"column":25}},"type":"default-arg","locations":[{"start":{"line":586,"column":18},"end":{"line":586,"column":25}}],"line":586},"49":{"loc":{"start":{"line":587,"column":2},"end":{"line":587,"column":91}},"type":"default-arg","locations":[{"start":{"line":587,"column":17},"end":{"line":587,"column":91}}],"line":587},"50":{"loc":{"start":{"line":588,"column":2},"end":{"line":588,"column":18}},"type":"default-arg","locations":[{"start":{"line":588,"column":14},"end":{"line":588,"column":18}}],"line":588},"51":{"loc":{"start":{"line":589,"column":2},"end":{"line":589,"column":25}},"type":"default-arg","locations":[{"start":{"line":589,"column":19},"end":{"line":589,"column":25}}],"line":589},"52":{"loc":{"start":{"line":590,"column":2},"end":{"line":590,"column":164}},"type":"default-arg","locations":[{"start":{"line":590,"column":18},"end":{"line":590,"column":164}}],"line":590},"53":{"loc":{"start":{"line":591,"column":2},"end":{"line":591,"column":16}},"type":"default-arg","locations":[{"start":{"line":591,"column":12},"end":{"line":591,"column":16}}],"line":591},"54":{"loc":{"start":{"line":592,"column":2},"end":{"line":592,"column":23}},"type":"default-arg","locations":[{"start":{"line":592,"column":17},"end":{"line":592,"column":23}}],"line":592},"55":{"loc":{"start":{"line":593,"column":2},"end":{"line":593,"column":142}},"type":"default-arg","locations":[{"start":{"line":593,"column":16},"end":{"line":593,"column":142}}],"line":593},"56":{"loc":{"start":{"line":594,"column":2},"end":{"line":594,"column":12}},"type":"default-arg","locations":[{"start":{"line":594,"column":10},"end":{"line":594,"column":12}}],"line":594}},"s":{"0":1,"1":1,"2":1,"3":1,"4":0,"5":0,"6":0,"7":0,"8":0,"9":0,"10":0,"11":1,"12":0,"13":0,"14":0,"15":0,"16":0,"17":0,"18":0,"19":1,"20":0,"21":0,"22":0,"23":0,"24":0,"25":0,"26":0,"27":1,"28":0,"29":0,"30":0,"31":0,"32":0,"33":0,"34":0,"35":1,"36":0,"37":0,"38":0,"39":0,"40":0,"41":0,"42":0,"43":1,"44":0,"45":0,"46":0,"47":0,"48":0,"49":0,"50":0,"51":1,"52":0,"53":0,"54":0,"55":0,"56":0,"57":0,"58":0,"59":1,"60":0,"61":0,"62":0,"63":0,"64":0,"65":0,"66":0,"67":1,"68":0,"69":0,"70":0,"71":0,"72":0,"73":0,"74":0,"75":1,"76":0,"77":0,"78":0,"79":0,"80":0,"81":0,"82":0,"83":1,"84":0,"85":0,"86":0,"87":0,"88":0,"89":0,"90":0,"91":1,"92":0,"93":0,"94":0,"95":0,"96":0,"97":0,"98":0,"99":1},"f":{"0":0,"1":0,"2":0,"3":0,"4":0,"5":0,"6":0,"7":0,"8":0,"9":0,"10":0,"11":0},"b":{"0":[0],"1":[0],"2":[0],"3":[0],"4":[0],"5":[0],"6":[0],"7":[0],"8":[0],"9":[0],"10":[0],"11":[0],"12":[0],"13":[0],"14":[0],"15":[0],"16":[0],"17":[0],"18":[0],"19":[0],"20":[0],"21":[0],"22":[0],"23":[0],"24":[0],"25":[0],"26":[0],"27":[0],"28":[0],"29":[0],"30":[0],"31":[0],"32":[0],"33":[0],"34":[0],"35":[0],"36":[0],"37":[0],"38":[0],"39":[0],"40":[0],"41":[0],"42":[0],"43":[0],"44":[0],"45":[0],"46":[0],"47":[0],"48":[0],"49":[0],"50":[0],"51":[0],"52":[0],"53":[0],"54":[0],"55":[0],"56":[0]},"_coverageSchema":"1a1c01bbd47fc00a2c39e90264f33305004495a9","hash":"7e1922687cc88c525afa0d242d19e53625cf6e90","contentHash":"b84d112c0756007a3d89033b332541071e855c0cbb1f77007a673e78d02cee37"}}